<?xml version="1.0" encoding="UTF-8"?>
<!-- Generated by org.testng.reporters.JUnitXMLReporter -->
<testsuite ignored="0" hostname="IT-00300-CPU" failures="1" tests="42" name="SequentialTest1" time="204.112" errors="0" timestamp="2023-12-05T18:05:27 IST">
  <testcase classname="com.krystal.project.Login" name="Launch" time="0.03"/>
  <testcase classname="com.krystal.project.Login" name="ToverifySigninproductlogo" time="1.425"/>
  <testcase classname="com.krystal.project.Login" name="ToverifySigninproductImage" time="2.382"/>
  <testcase classname="com.krystal.project.Login" name="ToverifyProductnamelabel" time="4.17"/>
  <testcase classname="com.krystal.project.Login" name="ToverifyOfflineRnVlabel" time="0.309"/>
  <testcase classname="com.krystal.project.Login" name="ToverifySigninlabel" time="2.095"/>
  <testcase classname="com.krystal.project.Login" name="ToverifyUserNamelabel" time="0.488"/>
  <testcase classname="com.krystal.project.Login" name="ToverifyPasswordlabel" time="0.527"/>
  <testcase classname="com.krystal.project.Login" name="ToverifySigninButtonlabel" time="2.073"/>
  <testcase classname="com.krystal.project.Login" name="ToverifyClearButtonlabel" time="0.322"/>
  <testcase classname="com.krystal.project.Login" name="ToverifyNoticelabel" time="0.354"/>
  <testcase classname="com.krystal.project.Login" name="ToverifyNoticeDescriptionlabel" time="0.668"/>
  <testcase classname="com.krystal.project.Login" name="ToverifyLicensedlabel" time="0.376"/>
  <testcase classname="com.krystal.project.Login" name="ToverifyHospitallabel" time="0.332"/>
  <testcase classname="com.krystal.project.Login" name="ToverifyHelplabel" time="0.39"/>
  <testcase classname="com.krystal.project.Login" name="ToverifyExitlabel" time="0.395"/>
  <testcase classname="com.krystal.project.Login" name="ToverifySoftwareVersionlabel" time="2.432"/>
  <testcase classname="com.krystal.project.Login" name="ToverifyVesrionNumberlabel" time="0.344"/>
  <testcase classname="com.krystal.project.Login" name="ToverifyCopyrightlabel" time="0.33"/>
  <testcase classname="com.krystal.project.Login" name="Helpclick" time="2.382"/>
  <testcase classname="com.krystal.project.Login" name="HelpContact" time="0.559"/>
  <testcase classname="com.krystal.project.Login" name="HelpRegional" time="2.519"/>
  <testcase classname="com.krystal.project.Login" name="HelpService" time="5.392"/>
  <testcase classname="com.krystal.project.Login" name="HelpSCN" time="3.221"/>
  <testcase classname="com.krystal.project.Login" name="HelpEmail" time="0.565"/>
  <testcase classname="com.krystal.project.Login" name="HelpHeadoffice" time="2.581"/>
  <testcase classname="com.krystal.project.Login" name="HelpRCN" time="3.253"/>
  <testcase classname="com.krystal.project.Login" name="HelpEmailID" time="0.542"/>
  <testcase classname="com.krystal.project.Login" name="HelpClose" time="0.367"/>
  <testcase classname="com.krystal.project.Login" name="Helpbutton" time="5.986">
    <failure type="org.openqa.selenium.NoSuchElementException" message="An element could not be located on the page using the given search parameters. (WARNING: The server did not provide any stacktrace information)
Command duration or timeout: 0 milliseconds
For documentation on this error, please visit: https://www.seleniumhq.org/exceptions/no_such_element.html
Build info: version: &amp;apos;3.141.59&amp;apos;, revision: &amp;apos;e82be7d358&amp;apos;, time: &amp;apos;2018-11-14T08:17:03&amp;apos;
System info: host: &amp;apos;IT-00300-CPU&amp;apos;, ip: &amp;apos;192.168.10.113&amp;apos;, os.name: &amp;apos;Windows 10&amp;apos;, os.arch: &amp;apos;amd64&amp;apos;, os.version: &amp;apos;10.0&amp;apos;, java.version: &amp;apos;11.0.20&amp;apos;
Driver info: io.appium.java_client.windows.WindowsDriver
Capabilities {app: C:\Program Files\Panacea Me..., javascriptEnabled: true, platform: WINDOWS, platformName: Windows}
Session ID: 017A1F1C-A8C3-4405-8258-355531E02E33
*** Element info: {Using=name, value=supportService@panaceamedical.com}">
      <![CDATA[org.openqa.selenium.NoSuchElementException: An element could not be located on the page using the given search parameters. (WARNING: The server did not provide any stacktrace information)
Command duration or timeout: 0 milliseconds
For documentation on this error, please visit: https://www.seleniumhq.org/exceptions/no_such_element.html
Build info: version: '3.141.59', revision: 'e82be7d358', time: '2018-11-14T08:17:03'
System info: host: 'IT-00300-CPU', ip: '192.168.10.113', os.name: 'Windows 10', os.arch: 'amd64', os.version: '10.0', java.version: '11.0.20'
Driver info: io.appium.java_client.windows.WindowsDriver
Capabilities {app: C:\Program Files\Panacea Me..., javascriptEnabled: true, platform: WINDOWS, platformName: Windows}
Session ID: 017A1F1C-A8C3-4405-8258-355531E02E33
*** Element info: {Using=name, value=supportService@panaceamedical.com}
at org.openqa.selenium.remote.ErrorHandler.createThrowable(ErrorHandler.java:214)
at org.openqa.selenium.remote.ErrorHandler.throwIfResponseFailed(ErrorHandler.java:166)
at org.openqa.selenium.remote.http.JsonHttpResponseCodec.reconstructValue(JsonHttpResponseCodec.java:40)
at org.openqa.selenium.remote.http.AbstractHttpResponseCodec.decode(AbstractHttpResponseCodec.java:80)
at org.openqa.selenium.remote.http.AbstractHttpResponseCodec.decode(AbstractHttpResponseCodec.java:44)
at org.openqa.selenium.remote.HttpCommandExecutor.execute(HttpCommandExecutor.java:158)
at io.appium.java_client.remote.AppiumCommandExecutor.execute(AppiumCommandExecutor.java:250)
at org.openqa.selenium.remote.RemoteWebDriver.execute(RemoteWebDriver.java:552)
at io.appium.java_client.DefaultGenericMobileDriver.execute(DefaultGenericMobileDriver.java:41)
at io.appium.java_client.AppiumDriver.execute(AppiumDriver.java:1)
at io.appium.java_client.windows.WindowsDriver.execute(WindowsDriver.java:1)
at org.openqa.selenium.remote.RemoteWebDriver.findElement(RemoteWebDriver.java:323)
at io.appium.java_client.DefaultGenericMobileDriver.findElement(DefaultGenericMobileDriver.java:61)
at io.appium.java_client.AppiumDriver.findElement(AppiumDriver.java:1)
at io.appium.java_client.windows.WindowsDriver.findElement(WindowsDriver.java:1)
at org.openqa.selenium.remote.RemoteWebDriver.findElementByName(RemoteWebDriver.java:404)
at io.appium.java_client.DefaultGenericMobileDriver.findElementByName(DefaultGenericMobileDriver.java:117)
at io.appium.java_client.AppiumDriver.findElementByName(AppiumDriver.java:1)
at io.appium.java_client.windows.WindowsDriver.findElementByName(WindowsDriver.java:1)
at org.openqa.selenium.By$ByName.findElement(By.java:284)
at org.openqa.selenium.remote.RemoteWebDriver.findElement(RemoteWebDriver.java:315)
at io.appium.java_client.DefaultGenericMobileDriver.findElement(DefaultGenericMobileDriver.java:57)
at io.appium.java_client.AppiumDriver.findElement(AppiumDriver.java:1)
at io.appium.java_client.windows.WindowsDriver.findElement(WindowsDriver.java:1)
at org.openqa.selenium.support.pagefactory.DefaultElementLocator.findElement(DefaultElementLocator.java:69)
at org.openqa.selenium.support.pagefactory.internal.LocatingElementHandler.invoke(LocatingElementHandler.java:38)
at com.sun.proxy.$Proxy16.getText(Unknown Source)
at com.krystal.project.Login.Helpbutton(Login.java:247)
at java.base/java.util.ArrayList.forEach(ArrayList.java:1541)
... Removed 31 stack frames]]>
    </failure>
  </testcase> <!-- Helpbutton -->
  <testcase classname="com.krystal.project.Login" name="close" time="1.817"/>
  <testcase classname="com.krystal.project.Login" name="defaultbuttonenable" time="2.107"/>
  <testcase classname="com.krystal.project.Login" name="Signinempty" time="5.587"/>
  <testcase classname="com.krystal.project.Login" name="Useridempty" time="8.516"/>
  <testcase classname="com.krystal.project.Login" name="Passwordempty" time="8.027"/>
  <testcase classname="com.krystal.project.Login" name="ValidUserId" time="12.929"/>
  <testcase classname="com.krystal.project.Login" name="ValidPassword" time="12.819"/>
  <testcase classname="com.krystal.project.Login" name="InvalidUserPassword" time="16.556"/>
  <testcase classname="com.krystal.project.Login" name="InvalidBothUserIdandPassword" time="17.038"/>
  <testcase classname="com.krystal.project.Login" name="Eyeiconshow" time="13.723"/>
  <testcase classname="com.krystal.project.Login" name="SignoutLogin" time="24.65"/>
  <testcase classname="com.krystal.project.Login" name="Exitapplication" time="17.216"/>
</testsuite> <!-- SequentialTest1 -->
