<html>
<head>
<title>TestNG:  SequentialTest1</title>
<link href="../testng.css" rel="stylesheet" type="text/css" />
<link href="../my-testng.css" rel="stylesheet" type="text/css" />

<style type="text/css">
.log { display: none;} 
.stack-trace { display: none;} 
</style>
<script type="text/javascript">
<!--
function flip(e) {
  current = e.style.display;
  if (current == 'block') {
    e.style.display = 'none';
    return 0;
  }
  else {
    e.style.display = 'block';
    return 1;
  }
}

function toggleBox(szDivId, elem, msg1, msg2)
{
  var res = -1;  if (document.getElementById) {
    res = flip(document.getElementById(szDivId));
  }
  else if (document.all) {
    // this is the way old msie versions work
    res = flip(document.all[szDivId]);
  }
  if(elem) {
    if(res == 0) elem.innerHTML = msg1; else elem.innerHTML = msg2;
  }

}

function toggleAllBoxes() {
  if (document.getElementsByTagName) {
    d = document.getElementsByTagName('div');
    for (i = 0; i < d.length; i++) {
      if (d[i].className == 'log') {
        flip(d[i]);
      }
    }
  }
}

// -->
</script>

</head>
<body>
<h2 align='center'>SequentialTest1</h2><table border='1' align="center">
<tr>
<td>Tests passed/Failed/Skipped:</td><td>41/1/0</td>
</tr><tr>
<td>Started on:</td><td>Tue Dec 05 18:02:02 IST 2023</td>
</tr>
<tr><td>Total time:</td><td>204 seconds (204112 ms)</td>
</tr><tr>
<td>Included groups:</td><td></td>
</tr><tr>
<td>Excluded groups:</td><td></td>
</tr>
</table><p/>
<small><i>(Hover the method name to see the test class name)</i></small><p/>
<table width='100%' border='1' class='invocation-failed'>
<tr><td colspan='4' align='center'><b>FAILED TESTS</b></td></tr>
<tr><td><b>Test method</b></td>
<td><b>Attribute(s)</b></td>
<td width="30%"><b>Exception</b></td>
<td width="10%"><b>Time (seconds)</b></td>
<td><b>Instance</b></td>
</tr>
<tr>
<td title='com.krystal.project.Login.Helpbutton()'><b>Helpbutton</b><br>Test class: com.krystal.project.Login</td>
<td><div><pre>org.openqa.selenium.NoSuchElementException: An element could not be located on the page using the given search parameters. (WARNING: The server did not provide any stacktrace information)
Command duration or timeout: 0 milliseconds
For documentation on this error, please visit: https://www.seleniumhq.org/exceptions/no_such_element.html
Build info: version: &apos;3.141.59&apos;, revision: &apos;e82be7d358&apos;, time: &apos;2018-11-14T08:17:03&apos;
System info: host: &apos;IT-00300-CPU&apos;, ip: &apos;192.168.10.113&apos;, os.name: &apos;Windows 10&apos;, os.arch: &apos;amd64&apos;, os.version: &apos;10.0&apos;, java.version: &apos;11.0.20&apos;
Driver info: io.appium.java_client.windows.WindowsDriver
Capabilities {app: C:\Program Files\Panacea Me..., javascriptEnabled: true, platform: WINDOWS, platformName: Windows}
Session ID: 017A1F1C-A8C3-4405-8258-355531E02E33
*** Element info: {Using=name, value=supportService@panaceamedical.com}
	at org.openqa.selenium.remote.ErrorHandler.createThrowable(ErrorHandler.java:214)
	at org.openqa.selenium.remote.ErrorHandler.throwIfResponseFailed(ErrorHandler.java:166)
	at org.openqa.selenium.remote.http.JsonHttpResponseCodec.reconstructValue(JsonHttpResponseCodec.java:40)
	at org.openqa.selenium.remote.http.AbstractHttpResponseCodec.decode(AbstractHttpResponseCodec.java:80)
	at org.openqa.selenium.remote.http.AbstractHttpResponseCodec.decode(AbstractHttpResponseCodec.java:44)
	at org.openqa.selenium.remote.HttpCommandExecutor.execute(HttpCommandExecutor.java:158)
	at io.appium.java_client.remote.AppiumCommandExecutor.execute(AppiumCommandExecutor.java:250)
	at org.openqa.selenium.remote.RemoteWebDriver.execute(RemoteWebDriver.java:552)
	at io.appium.java_client.DefaultGenericMobileDriver.execute(DefaultGenericMobileDriver.java:41)
	at io.appium.java_client.AppiumDriver.execute(AppiumDriver.java:1)
	at io.appium.java_client.windows.WindowsDriver.execute(WindowsDriver.java:1)
	at org.openqa.selenium.remote.RemoteWebDriver.findElement(RemoteWebDriver.java:323)
	at io.appium.java_client.DefaultGenericMobileDriver.findElement(DefaultGenericMobileDriver.java:61)
	at io.appium.java_client.AppiumDriver.findElement(AppiumDriver.java:1)
	at io.appium.java_client.windows.WindowsDriver.findElement(WindowsDriver.java:1)
	at org.openqa.selenium.remote.RemoteWebDriver.findElementByName(RemoteWebDriver.java:404)
	at io.appium.java_client.DefaultGenericMobileDriver.findElementByName(DefaultGenericMobileDriver.java:117)
	at io.appium.java_client.AppiumDriver.findElementByName(AppiumDriver.java:1)
	at io.appium.java_client.windows.WindowsDriver.findElementByName(WindowsDriver.java:1)
	at org.openqa.selenium.By$ByName.findElement(By.java:284)
	at org.openqa.selenium.remote.RemoteWebDriver.findElement(RemoteWebDriver.java:315)
	at io.appium.java_client.DefaultGenericMobileDriver.findElement(DefaultGenericMobileDriver.java:57)
	at io.appium.java_client.AppiumDriver.findElement(AppiumDriver.java:1)
	at io.appium.java_client.windows.WindowsDriver.findElement(WindowsDriver.java:1)
	at org.openqa.selenium.support.pagefactory.DefaultElementLocator.findElement(DefaultElementLocator.java:69)
	at org.openqa.selenium.support.pagefactory.internal.LocatingElementHandler.invoke(LocatingElementHandler.java:38)
	at com.sun.proxy.$Proxy16.getText(Unknown Source)
	at com.krystal.project.Login.Helpbutton(Login.java:247)
	at java.base/java.util.ArrayList.forEach(ArrayList.java:1541)
... Removed 31 stack frames</pre></div><a href='#' onClick='toggleBox("stack-trace1578026015", this, "Click to show all stack frames", "Click to hide stack frames")'>Click to show all stack frames</a>
<div class='stack-trace' id='stack-trace1578026015'><pre>org.openqa.selenium.NoSuchElementException: An element could not be located on the page using the given search parameters. (WARNING: The server did not provide any stacktrace information)
Command duration or timeout: 0 milliseconds
For documentation on this error, please visit: https://www.seleniumhq.org/exceptions/no_such_element.html
Build info: version: &apos;3.141.59&apos;, revision: &apos;e82be7d358&apos;, time: &apos;2018-11-14T08:17:03&apos;
System info: host: &apos;IT-00300-CPU&apos;, ip: &apos;192.168.10.113&apos;, os.name: &apos;Windows 10&apos;, os.arch: &apos;amd64&apos;, os.version: &apos;10.0&apos;, java.version: &apos;11.0.20&apos;
Driver info: io.appium.java_client.windows.WindowsDriver
Capabilities {app: C:\Program Files\Panacea Me..., javascriptEnabled: true, platform: WINDOWS, platformName: Windows}
Session ID: 017A1F1C-A8C3-4405-8258-355531E02E33
*** Element info: {Using=name, value=supportService@panaceamedical.com}
	at java.base/jdk.internal.reflect.NativeConstructorAccessorImpl.newInstance0(Native Method)
	at java.base/jdk.internal.reflect.NativeConstructorAccessorImpl.newInstance(NativeConstructorAccessorImpl.java:62)
	at java.base/jdk.internal.reflect.DelegatingConstructorAccessorImpl.newInstance(DelegatingConstructorAccessorImpl.java:45)
	at java.base/java.lang.reflect.Constructor.newInstance(Constructor.java:490)
	at org.openqa.selenium.remote.ErrorHandler.createThrowable(ErrorHandler.java:214)
	at org.openqa.selenium.remote.ErrorHandler.throwIfResponseFailed(ErrorHandler.java:166)
	at org.openqa.selenium.remote.http.JsonHttpResponseCodec.reconstructValue(JsonHttpResponseCodec.java:40)
	at org.openqa.selenium.remote.http.AbstractHttpResponseCodec.decode(AbstractHttpResponseCodec.java:80)
	at org.openqa.selenium.remote.http.AbstractHttpResponseCodec.decode(AbstractHttpResponseCodec.java:44)
	at org.openqa.selenium.remote.HttpCommandExecutor.execute(HttpCommandExecutor.java:158)
	at io.appium.java_client.remote.AppiumCommandExecutor.execute(AppiumCommandExecutor.java:250)
	at org.openqa.selenium.remote.RemoteWebDriver.execute(RemoteWebDriver.java:552)
	at io.appium.java_client.DefaultGenericMobileDriver.execute(DefaultGenericMobileDriver.java:41)
	at io.appium.java_client.AppiumDriver.execute(AppiumDriver.java:1)
	at io.appium.java_client.windows.WindowsDriver.execute(WindowsDriver.java:1)
	at org.openqa.selenium.remote.RemoteWebDriver.findElement(RemoteWebDriver.java:323)
	at io.appium.java_client.DefaultGenericMobileDriver.findElement(DefaultGenericMobileDriver.java:61)
	at io.appium.java_client.AppiumDriver.findElement(AppiumDriver.java:1)
	at io.appium.java_client.windows.WindowsDriver.findElement(WindowsDriver.java:1)
	at org.openqa.selenium.remote.RemoteWebDriver.findElementByName(RemoteWebDriver.java:404)
	at io.appium.java_client.DefaultGenericMobileDriver.findElementByName(DefaultGenericMobileDriver.java:117)
	at io.appium.java_client.AppiumDriver.findElementByName(AppiumDriver.java:1)
	at io.appium.java_client.windows.WindowsDriver.findElementByName(WindowsDriver.java:1)
	at org.openqa.selenium.By$ByName.findElement(By.java:284)
	at org.openqa.selenium.remote.RemoteWebDriver.findElement(RemoteWebDriver.java:315)
	at io.appium.java_client.DefaultGenericMobileDriver.findElement(DefaultGenericMobileDriver.java:57)
	at io.appium.java_client.AppiumDriver.findElement(AppiumDriver.java:1)
	at io.appium.java_client.windows.WindowsDriver.findElement(WindowsDriver.java:1)
	at org.openqa.selenium.support.pagefactory.DefaultElementLocator.findElement(DefaultElementLocator.java:69)
	at org.openqa.selenium.support.pagefactory.internal.LocatingElementHandler.invoke(LocatingElementHandler.java:38)
	at com.sun.proxy.$Proxy16.getText(Unknown Source)
	at com.krystal.project.Login.Helpbutton(Login.java:247)
	at java.base/jdk.internal.reflect.NativeMethodAccessorImpl.invoke0(Native Method)
	at java.base/jdk.internal.reflect.NativeMethodAccessorImpl.invoke(NativeMethodAccessorImpl.java:62)
	at java.base/jdk.internal.reflect.DelegatingMethodAccessorImpl.invoke(DelegatingMethodAccessorImpl.java:43)
	at java.base/java.lang.reflect.Method.invoke(Method.java:566)
	at org.testng.internal.invokers.MethodInvocationHelper.invokeMethod(MethodInvocationHelper.java:139)
	at org.testng.internal.invokers.TestInvoker.invokeMethod(TestInvoker.java:664)
	at org.testng.internal.invokers.TestInvoker.invokeTestMethod(TestInvoker.java:227)
	at org.testng.internal.invokers.MethodRunner.runInSequence(MethodRunner.java:50)
	at org.testng.internal.invokers.TestInvoker$MethodInvocationAgent.invoke(TestInvoker.java:957)
	at org.testng.internal.invokers.TestInvoker.invokeTestMethods(TestInvoker.java:200)
	at org.testng.internal.invokers.TestMethodWorker.invokeTestMethods(TestMethodWorker.java:148)
	at org.testng.internal.invokers.TestMethodWorker.run(TestMethodWorker.java:128)
	at java.base/java.util.ArrayList.forEach(ArrayList.java:1541)
	at org.testng.TestRunner.privateRun(TestRunner.java:848)
	at org.testng.TestRunner.run(TestRunner.java:621)
	at org.testng.SuiteRunner.runTest(SuiteRunner.java:443)
	at org.testng.SuiteRunner.runSequentially(SuiteRunner.java:437)
	at org.testng.SuiteRunner.privateRun(SuiteRunner.java:397)
	at org.testng.SuiteRunner.run(SuiteRunner.java:336)
	at org.testng.SuiteRunnerWorker.runSuite(SuiteRunnerWorker.java:52)
	at org.testng.SuiteRunnerWorker.run(SuiteRunnerWorker.java:95)
	at org.testng.TestNG.runSuitesSequentially(TestNG.java:1280)
	at org.testng.TestNG.runSuitesLocally(TestNG.java:1200)
	at org.testng.TestNG.runSuites(TestNG.java:1114)
	at org.testng.TestNG.run(TestNG.java:1082)
	at org.testng.remote.AbstractRemoteTestNG.run(AbstractRemoteTestNG.java:115)
	at org.testng.remote.RemoteTestNG.initAndRun(RemoteTestNG.java:251)
	at org.testng.remote.RemoteTestNG.main(RemoteTestNG.java:77)
</pre></div></td>
<td>5</td>
<td>com.krystal.project.Login@42e25b0b</td></tr>
</table><p>
<table width='100%' border='1' class='invocation-passed'>
<tr><td colspan='4' align='center'><b>PASSED TESTS</b></td></tr>
<tr><td><b>Test method</b></td>
<td><b>Attribute(s)</b></td>
<td width="30%"><b>Exception</b></td>
<td width="10%"><b>Time (seconds)</b></td>
<td><b>Instance</b></td>
</tr>
<tr>
<td title='com.krystal.project.Login.ToverifyHelplabel()'><b>ToverifyHelplabel</b><br>Test class: com.krystal.project.Login</td>
<td></td>
<td>0</td>
<td>com.krystal.project.Login@42e25b0b</td></tr>
<tr>
<td title='com.krystal.project.Login.Passwordempty()'><b>Passwordempty</b><br>Test class: com.krystal.project.Login</td>
<td></td>
<td>8</td>
<td>com.krystal.project.Login@42e25b0b</td></tr>
<tr>
<td title='com.krystal.project.Login.ToverifySigninproductImage()'><b>ToverifySigninproductImage</b><br>Test class: com.krystal.project.Login</td>
<td></td>
<td>2</td>
<td>com.krystal.project.Login@42e25b0b</td></tr>
<tr>
<td title='com.krystal.project.Login.HelpSCN()'><b>HelpSCN</b><br>Test class: com.krystal.project.Login</td>
<td></td>
<td>3</td>
<td>com.krystal.project.Login@42e25b0b</td></tr>
<tr>
<td title='com.krystal.project.Login.HelpEmailID()'><b>HelpEmailID</b><br>Test class: com.krystal.project.Login</td>
<td></td>
<td>0</td>
<td>com.krystal.project.Login@42e25b0b</td></tr>
<tr>
<td title='com.krystal.project.Login.defaultbuttonenable()'><b>defaultbuttonenable</b><br>Test class: com.krystal.project.Login</td>
<td></td>
<td>2</td>
<td>com.krystal.project.Login@42e25b0b</td></tr>
<tr>
<td title='com.krystal.project.Login.ValidUserId()'><b>ValidUserId</b><br>Test class: com.krystal.project.Login</td>
<td></td>
<td>12</td>
<td>com.krystal.project.Login@42e25b0b</td></tr>
<tr>
<td title='com.krystal.project.Login.InvalidUserPassword()'><b>InvalidUserPassword</b><br>Test class: com.krystal.project.Login</td>
<td></td>
<td>16</td>
<td>com.krystal.project.Login@42e25b0b</td></tr>
<tr>
<td title='com.krystal.project.Login.ToverifySigninproductlogo()'><b>ToverifySigninproductlogo</b><br>Test class: com.krystal.project.Login</td>
<td></td>
<td>1</td>
<td>com.krystal.project.Login@42e25b0b</td></tr>
<tr>
<td title='com.krystal.project.Login.ToverifyNoticelabel()'><b>ToverifyNoticelabel</b><br>Test class: com.krystal.project.Login</td>
<td></td>
<td>0</td>
<td>com.krystal.project.Login@42e25b0b</td></tr>
<tr>
<td title='com.krystal.project.Login.ToverifySoftwareVersionlabel()'><b>ToverifySoftwareVersionlabel</b><br>Test class: com.krystal.project.Login</td>
<td></td>
<td>2</td>
<td>com.krystal.project.Login@42e25b0b</td></tr>
<tr>
<td title='com.krystal.project.Login.ToverifyCopyrightlabel()'><b>ToverifyCopyrightlabel</b><br>Test class: com.krystal.project.Login</td>
<td></td>
<td>0</td>
<td>com.krystal.project.Login@42e25b0b</td></tr>
<tr>
<td title='com.krystal.project.Login.Signinempty()'><b>Signinempty</b><br>Test class: com.krystal.project.Login</td>
<td></td>
<td>5</td>
<td>com.krystal.project.Login@42e25b0b</td></tr>
<tr>
<td title='com.krystal.project.Login.SignoutLogin()'><b>SignoutLogin</b><br>Test class: com.krystal.project.Login</td>
<td></td>
<td>24</td>
<td>com.krystal.project.Login@42e25b0b</td></tr>
<tr>
<td title='com.krystal.project.Login.ToverifyProductnamelabel()'><b>ToverifyProductnamelabel</b><br>Test class: com.krystal.project.Login</td>
<td></td>
<td>4</td>
<td>com.krystal.project.Login@42e25b0b</td></tr>
<tr>
<td title='com.krystal.project.Login.ValidPassword()'><b>ValidPassword</b><br>Test class: com.krystal.project.Login</td>
<td></td>
<td>12</td>
<td>com.krystal.project.Login@42e25b0b</td></tr>
<tr>
<td title='com.krystal.project.Login.ToverifyUserNamelabel()'><b>ToverifyUserNamelabel</b><br>Test class: com.krystal.project.Login</td>
<td></td>
<td>0</td>
<td>com.krystal.project.Login@42e25b0b</td></tr>
<tr>
<td title='com.krystal.project.Login.HelpContact()'><b>HelpContact</b><br>Test class: com.krystal.project.Login</td>
<td></td>
<td>0</td>
<td>com.krystal.project.Login@42e25b0b</td></tr>
<tr>
<td title='com.krystal.project.Login.HelpRegional()'><b>HelpRegional</b><br>Test class: com.krystal.project.Login</td>
<td></td>
<td>2</td>
<td>com.krystal.project.Login@42e25b0b</td></tr>
<tr>
<td title='com.krystal.project.Login.InvalidBothUserIdandPassword()'><b>InvalidBothUserIdandPassword</b><br>Test class: com.krystal.project.Login</td>
<td></td>
<td>17</td>
<td>com.krystal.project.Login@42e25b0b</td></tr>
<tr>
<td title='com.krystal.project.Login.ToverifyClearButtonlabel()'><b>ToverifyClearButtonlabel</b><br>Test class: com.krystal.project.Login</td>
<td></td>
<td>0</td>
<td>com.krystal.project.Login@42e25b0b</td></tr>
<tr>
<td title='com.krystal.project.Login.HelpEmail()'><b>HelpEmail</b><br>Test class: com.krystal.project.Login</td>
<td></td>
<td>0</td>
<td>com.krystal.project.Login@42e25b0b</td></tr>
<tr>
<td title='com.krystal.project.Login.ToverifyPasswordlabel()'><b>ToverifyPasswordlabel</b><br>Test class: com.krystal.project.Login</td>
<td></td>
<td>0</td>
<td>com.krystal.project.Login@42e25b0b</td></tr>
<tr>
<td title='com.krystal.project.Login.ToverifyLicensedlabel()'><b>ToverifyLicensedlabel</b><br>Test class: com.krystal.project.Login</td>
<td></td>
<td>0</td>
<td>com.krystal.project.Login@42e25b0b</td></tr>
<tr>
<td title='com.krystal.project.Login.close()'><b>close</b><br>Test class: com.krystal.project.Login</td>
<td></td>
<td>1</td>
<td>com.krystal.project.Login@42e25b0b</td></tr>
<tr>
<td title='com.krystal.project.Login.Launch()'><b>Launch</b><br>Test class: com.krystal.project.Login</td>
<td></td>
<td>0</td>
<td>com.krystal.project.Login@42e25b0b</td></tr>
<tr>
<td title='com.krystal.project.Login.ToverifyVesrionNumberlabel()'><b>ToverifyVesrionNumberlabel</b><br>Test class: com.krystal.project.Login</td>
<td></td>
<td>0</td>
<td>com.krystal.project.Login@42e25b0b</td></tr>
<tr>
<td title='com.krystal.project.Login.Helpclick()'><b>Helpclick</b><br>Test class: com.krystal.project.Login</td>
<td></td>
<td>2</td>
<td>com.krystal.project.Login@42e25b0b</td></tr>
<tr>
<td title='com.krystal.project.Login.ToverifyExitlabel()'><b>ToverifyExitlabel</b><br>Test class: com.krystal.project.Login</td>
<td></td>
<td>0</td>
<td>com.krystal.project.Login@42e25b0b</td></tr>
<tr>
<td title='com.krystal.project.Login.ToverifySigninlabel()'><b>ToverifySigninlabel</b><br>Test class: com.krystal.project.Login</td>
<td></td>
<td>2</td>
<td>com.krystal.project.Login@42e25b0b</td></tr>
<tr>
<td title='com.krystal.project.Login.ToverifyOfflineRnVlabel()'><b>ToverifyOfflineRnVlabel</b><br>Test class: com.krystal.project.Login</td>
<td></td>
<td>0</td>
<td>com.krystal.project.Login@42e25b0b</td></tr>
<tr>
<td title='com.krystal.project.Login.HelpService()'><b>HelpService</b><br>Test class: com.krystal.project.Login</td>
<td></td>
<td>5</td>
<td>com.krystal.project.Login@42e25b0b</td></tr>
<tr>
<td title='com.krystal.project.Login.Eyeiconshow()'><b>Eyeiconshow</b><br>Test class: com.krystal.project.Login</td>
<td></td>
<td>13</td>
<td>com.krystal.project.Login@42e25b0b</td></tr>
<tr>
<td title='com.krystal.project.Login.Exitapplication()'><b>Exitapplication</b><br>Test class: com.krystal.project.Login</td>
<td></td>
<td>17</td>
<td>com.krystal.project.Login@42e25b0b</td></tr>
<tr>
<td title='com.krystal.project.Login.HelpHeadoffice()'><b>HelpHeadoffice</b><br>Test class: com.krystal.project.Login</td>
<td></td>
<td>2</td>
<td>com.krystal.project.Login@42e25b0b</td></tr>
<tr>
<td title='com.krystal.project.Login.ToverifyNoticeDescriptionlabel()'><b>ToverifyNoticeDescriptionlabel</b><br>Test class: com.krystal.project.Login</td>
<td></td>
<td>0</td>
<td>com.krystal.project.Login@42e25b0b</td></tr>
<tr>
<td title='com.krystal.project.Login.Useridempty()'><b>Useridempty</b><br>Test class: com.krystal.project.Login</td>
<td></td>
<td>8</td>
<td>com.krystal.project.Login@42e25b0b</td></tr>
<tr>
<td title='com.krystal.project.Login.ToverifySigninButtonlabel()'><b>ToverifySigninButtonlabel</b><br>Test class: com.krystal.project.Login</td>
<td></td>
<td>2</td>
<td>com.krystal.project.Login@42e25b0b</td></tr>
<tr>
<td title='com.krystal.project.Login.ToverifyHospitallabel()'><b>ToverifyHospitallabel</b><br>Test class: com.krystal.project.Login</td>
<td></td>
<td>0</td>
<td>com.krystal.project.Login@42e25b0b</td></tr>
<tr>
<td title='com.krystal.project.Login.HelpClose()'><b>HelpClose</b><br>Test class: com.krystal.project.Login</td>
<td></td>
<td>0</td>
<td>com.krystal.project.Login@42e25b0b</td></tr>
<tr>
<td title='com.krystal.project.Login.HelpRCN()'><b>HelpRCN</b><br>Test class: com.krystal.project.Login</td>
<td></td>
<td>3</td>
<td>com.krystal.project.Login@42e25b0b</td></tr>
</table><p>
</body>
</html>