<?xml version="1.0" encoding="UTF-8"?>
<!-- Generated by org.testng.reporters.JUnitXMLReporter -->
<testsuite ignored="0" hostname="IT-00328-CPU" failures="0" tests="14" name="Test2" time="0.545" errors="0" timestamp="2023-11-07T15:53:10 IST">
  <testcase classname="com.krystal.project.Serviceconfiguration" name="@BeforeClass setUp1" time="0.483">
    <failure type="org.openqa.selenium.NoSuchElementException" message="An element could not be located on the page using the given search parameters. (WARNING: The server did not provide any stacktrace information)
Command duration or timeout: 0 milliseconds
For documentation on this error, please visit: https://www.seleniumhq.org/exceptions/no_such_element.html
Build info: version: &amp;apos;3.141.59&amp;apos;, revision: &amp;apos;e82be7d358&amp;apos;, time: &amp;apos;2018-11-14T08:17:03&amp;apos;
System info: host: &amp;apos;IT-00328-CPU&amp;apos;, ip: &amp;apos;192.168.11.18&amp;apos;, os.name: &amp;apos;Windows 10&amp;apos;, os.arch: &amp;apos;amd64&amp;apos;, os.version: &amp;apos;10.0&amp;apos;, java.version: &amp;apos;20&amp;apos;
Driver info: io.appium.java_client.windows.WindowsDriver
Capabilities {app: C:\Program Files\Panacea Me..., javascriptEnabled: true, platform: WINDOWS, platformName: Windows}
Session ID: A4D91FC5-9DA2-4273-91BD-B29175D65E05
*** Element info: {Using=xpath, value=//Window[@ClassName=&amp;quot;Window&amp;quot;][@Name=&amp;quot;Krystal&amp;quot;]/Custom[@ClassName=&amp;quot;SignInView&amp;quot;]/Edit[@AutomationId=&amp;quot;TxtbxUsername&amp;quot;]}">
      <![CDATA[org.openqa.selenium.NoSuchElementException: An element could not be located on the page using the given search parameters. (WARNING: The server did not provide any stacktrace information)
Command duration or timeout: 0 milliseconds
For documentation on this error, please visit: https://www.seleniumhq.org/exceptions/no_such_element.html
Build info: version: '3.141.59', revision: 'e82be7d358', time: '2018-11-14T08:17:03'
System info: host: 'IT-00328-CPU', ip: '192.168.11.18', os.name: 'Windows 10', os.arch: 'amd64', os.version: '10.0', java.version: '20'
Driver info: io.appium.java_client.windows.WindowsDriver
Capabilities {app: C:\Program Files\Panacea Me..., javascriptEnabled: true, platform: WINDOWS, platformName: Windows}
Session ID: A4D91FC5-9DA2-4273-91BD-B29175D65E05
*** Element info: {Using=xpath, value=//Window[@ClassName="Window"][@Name="Krystal"]/Custom[@ClassName="SignInView"]/Edit[@AutomationId="TxtbxUsername"]}
at org.openqa.selenium.remote.ErrorHandler.createThrowable(ErrorHandler.java:214)
at org.openqa.selenium.remote.ErrorHandler.throwIfResponseFailed(ErrorHandler.java:166)
at org.openqa.selenium.remote.http.JsonHttpResponseCodec.reconstructValue(JsonHttpResponseCodec.java:40)
at org.openqa.selenium.remote.http.AbstractHttpResponseCodec.decode(AbstractHttpResponseCodec.java:80)
at org.openqa.selenium.remote.http.AbstractHttpResponseCodec.decode(AbstractHttpResponseCodec.java:44)
at org.openqa.selenium.remote.HttpCommandExecutor.execute(HttpCommandExecutor.java:158)
at io.appium.java_client.remote.AppiumCommandExecutor.execute(AppiumCommandExecutor.java:250)
at org.openqa.selenium.remote.RemoteWebDriver.execute(RemoteWebDriver.java:552)
at io.appium.java_client.DefaultGenericMobileDriver.execute(DefaultGenericMobileDriver.java:41)
at io.appium.java_client.AppiumDriver.execute(AppiumDriver.java:1)
at io.appium.java_client.windows.WindowsDriver.execute(WindowsDriver.java:1)
at org.openqa.selenium.remote.RemoteWebDriver.findElement(RemoteWebDriver.java:323)
at io.appium.java_client.DefaultGenericMobileDriver.findElement(DefaultGenericMobileDriver.java:61)
at io.appium.java_client.AppiumDriver.findElement(AppiumDriver.java:1)
at io.appium.java_client.windows.WindowsDriver.findElement(WindowsDriver.java:1)
at org.openqa.selenium.remote.RemoteWebDriver.findElementByXPath(RemoteWebDriver.java:428)
at io.appium.java_client.DefaultGenericMobileDriver.findElementByXPath(DefaultGenericMobileDriver.java:151)
at io.appium.java_client.AppiumDriver.findElementByXPath(AppiumDriver.java:1)
at io.appium.java_client.windows.WindowsDriver.findElementByXPath(WindowsDriver.java:1)
at org.openqa.selenium.By$ByXPath.findElement(By.java:353)
at org.openqa.selenium.remote.RemoteWebDriver.findElement(RemoteWebDriver.java:315)
at io.appium.java_client.DefaultGenericMobileDriver.findElement(DefaultGenericMobileDriver.java:57)
at io.appium.java_client.AppiumDriver.findElement(AppiumDriver.java:1)
at io.appium.java_client.windows.WindowsDriver.findElement(WindowsDriver.java:1)
at com.krystal.project.ReferenceSigin.ServiceLogin(ReferenceSigin.java:42)
at com.krystal.project.Serviceconfiguration.setUp1(Serviceconfiguration.java:33)
at java.base/java.util.ArrayList.forEach(ArrayList.java:1511)
... Removed 26 stack frames]]>
    </failure>
  </testcase> <!-- @BeforeClass setUp1 -->
  <testcase classname="com.krystal.project.Serviceconfiguration" name="@AfterClass tearDown" time="-1.699352590769E9">
    <skipped/>
  </testcase> <!-- @AfterClass tearDown -->
  <testcase classname="com.krystal.project.Serviceconfiguration" name="ToverifyserviceconfigurationLabel" time="0.0">
    <skipped/>
  </testcase> <!-- ToverifyserviceconfigurationLabel -->
  <testcase classname="com.krystal.project.Serviceconfiguration" name="ToverifyapplicationpathsLabel" time="0.0">
    <skipped/>
  </testcase> <!-- ToverifyapplicationpathsLabel -->
  <testcase classname="com.krystal.project.Serviceconfiguration" name="ToverifydicomimportLabel" time="0.0">
    <skipped/>
  </testcase> <!-- ToverifydicomimportLabel -->
  <testcase classname="com.krystal.project.Serviceconfiguration" name="ToverifydicomtosqltagchangeLabel" time="0.0">
    <skipped/>
  </testcase> <!-- ToverifydicomtosqltagchangeLabel -->
  <testcase classname="com.krystal.project.Serviceconfiguration" name="ToverifydicomexportLabel" time="0.0">
    <skipped/>
  </testcase> <!-- ToverifydicomexportLabel -->
  <testcase classname="com.krystal.project.Serviceconfiguration" name="ToverifydicomplanvalidationLabel" time="0.0">
    <skipped/>
  </testcase> <!-- ToverifydicomplanvalidationLabel -->
  <testcase classname="com.krystal.project.Serviceconfiguration" name="ToverifyfluencyLabel" time="0.0">
    <skipped/>
  </testcase> <!-- ToverifyfluencyLabel -->
  <testcase classname="com.krystal.project.Serviceconfiguration" name="ToverifysopinstanceuidtagchangeLabel" time="0.0">
    <skipped/>
  </testcase> <!-- ToverifysopinstanceuidtagchangeLabel -->
  <testcase classname="com.krystal.project.Serviceconfiguration" name="ToverifymlcshaperLabel" time="0.0">
    <skipped/>
  </testcase> <!-- ToverifymlcshaperLabel -->
  <testcase classname="com.krystal.project.Serviceconfiguration" name="ToverifycreateplanfromexcelLabel" time="0.0">
    <skipped/>
  </testcase> <!-- ToverifycreateplanfromexcelLabel -->
  <testcase classname="com.krystal.project.Serviceconfiguration" name="ToverifydeletedcmLabel" time="0.0">
    <skipped/>
  </testcase> <!-- ToverifydeletedcmLabel -->
  <testcase classname="com.krystal.project.Serviceconfiguration" name="ToverifydicomtosqltpsdataconversionLabel" time="0.0">
    <skipped/>
  </testcase> <!-- ToverifydicomtosqltpsdataconversionLabel -->
  <testcase classname="com.krystal.project.Serviceconfiguration" name="ToverifydatabaseCBCTViewer" time="0.0">
    <skipped/>
  </testcase> <!-- ToverifydatabaseCBCTViewer -->
  <testcase classname="com.krystal.project.Serviceconfiguration" name="ToverifydatabasepathsLabel" time="0.0">
    <skipped/>
  </testcase> <!-- ToverifydatabasepathsLabel -->
</testsuite> <!-- Test2 -->
