<?xml version="1.0" encoding="UTF-8"?>
<!-- Generated by org.testng.reporters.JUnitXMLReporter -->
<testsuite ignored="11" hostname="IT-00328-CPU" failures="1" tests="1" name="Test Case 1" time="6.582" errors="0" timestamp="2023-06-28T13:41:55 IST">
  <testcase classname="com.krystal.project.ToleranceRange" name="treatmentToleranceGUI" time="0.224">
    <failure type="org.openqa.selenium.NoSuchElementException" message="An element could not be located on the page using the given search parameters. (WARNING: The server did not provide any stacktrace information)
Command duration or timeout: 0 milliseconds
For documentation on this error, please visit: https://www.seleniumhq.org/exceptions/no_such_element.html
Build info: version: &amp;apos;3.141.59&amp;apos;, revision: &amp;apos;e82be7d358&amp;apos;, time: &amp;apos;2018-11-14T08:17:03&amp;apos;
System info: host: &amp;apos;IT-00328-CPU&amp;apos;, ip: &amp;apos;192.168.11.18&amp;apos;, os.name: &amp;apos;Windows 10&amp;apos;, os.arch: &amp;apos;amd64&amp;apos;, os.version: &amp;apos;10.0&amp;apos;, java.version: &amp;apos;20&amp;apos;
Driver info: io.appium.java_client.windows.WindowsDriver
Capabilities {app: C:\Program Files\Panacea Me..., javascriptEnabled: true, platform: WINDOWS, platformName: Windows}
Session ID: AF48612A-A071-475A-B91B-00248D651296
*** Element info: {Using=name, value=Treatment Tolerance}">
      <![CDATA[org.openqa.selenium.NoSuchElementException: An element could not be located on the page using the given search parameters. (WARNING: The server did not provide any stacktrace information)
Command duration or timeout: 0 milliseconds
For documentation on this error, please visit: https://www.seleniumhq.org/exceptions/no_such_element.html
Build info: version: '3.141.59', revision: 'e82be7d358', time: '2018-11-14T08:17:03'
System info: host: 'IT-00328-CPU', ip: '192.168.11.18', os.name: 'Windows 10', os.arch: 'amd64', os.version: '10.0', java.version: '20'
Driver info: io.appium.java_client.windows.WindowsDriver
Capabilities {app: C:\Program Files\Panacea Me..., javascriptEnabled: true, platform: WINDOWS, platformName: Windows}
Session ID: AF48612A-A071-475A-B91B-00248D651296
*** Element info: {Using=name, value=Treatment Tolerance}
at org.openqa.selenium.remote.ErrorHandler.createThrowable(ErrorHandler.java:214)
at org.openqa.selenium.remote.ErrorHandler.throwIfResponseFailed(ErrorHandler.java:166)
at org.openqa.selenium.remote.http.JsonHttpResponseCodec.reconstructValue(JsonHttpResponseCodec.java:40)
at org.openqa.selenium.remote.http.AbstractHttpResponseCodec.decode(AbstractHttpResponseCodec.java:80)
at org.openqa.selenium.remote.http.AbstractHttpResponseCodec.decode(AbstractHttpResponseCodec.java:44)
at org.openqa.selenium.remote.HttpCommandExecutor.execute(HttpCommandExecutor.java:158)
at io.appium.java_client.remote.AppiumCommandExecutor.execute(AppiumCommandExecutor.java:250)
at org.openqa.selenium.remote.RemoteWebDriver.execute(RemoteWebDriver.java:552)
at io.appium.java_client.DefaultGenericMobileDriver.execute(DefaultGenericMobileDriver.java:41)
at io.appium.java_client.AppiumDriver.execute(AppiumDriver.java:1)
at io.appium.java_client.windows.WindowsDriver.execute(WindowsDriver.java:1)
at org.openqa.selenium.remote.RemoteWebDriver.findElement(RemoteWebDriver.java:323)
at io.appium.java_client.DefaultGenericMobileDriver.findElement(DefaultGenericMobileDriver.java:61)
at io.appium.java_client.AppiumDriver.findElement(AppiumDriver.java:1)
at io.appium.java_client.windows.WindowsDriver.findElement(WindowsDriver.java:1)
at org.openqa.selenium.remote.RemoteWebDriver.findElementByName(RemoteWebDriver.java:404)
at io.appium.java_client.DefaultGenericMobileDriver.findElementByName(DefaultGenericMobileDriver.java:117)
at io.appium.java_client.AppiumDriver.findElementByName(AppiumDriver.java:1)
at io.appium.java_client.windows.WindowsDriver.findElementByName(WindowsDriver.java:1)
at org.openqa.selenium.By$ByName.findElement(By.java:284)
at org.openqa.selenium.remote.RemoteWebDriver.findElement(RemoteWebDriver.java:315)
at io.appium.java_client.DefaultGenericMobileDriver.findElement(DefaultGenericMobileDriver.java:57)
at io.appium.java_client.AppiumDriver.findElement(AppiumDriver.java:1)
at io.appium.java_client.windows.WindowsDriver.findElement(WindowsDriver.java:1)
at com.krystal.project.ToleranceRange.treatmentToleranceGUI(ToleranceRange.java:156)
at java.base/java.util.ArrayList.forEach(ArrayList.java:1511)
... Removed 28 stack frames]]>
    </failure>
  </testcase> <!-- treatmentToleranceGUI -->
  <testcase classname="com.krystal.project.ToleranceRange" name="PatientRotationValid" time="0.0">
    <ignored/>
  </testcase> <!-- PatientRotationValid -->
  <testcase classname="com.krystal.project.ToleranceRange" name="beamRotationValid" time="0.0">
    <ignored/>
  </testcase> <!-- beamRotationValid -->
  <testcase classname="com.krystal.project.ToleranceRange" name="beamRotationInvalidAlpha" time="0.0">
    <ignored/>
  </testcase> <!-- beamRotationInvalidAlpha -->
  <testcase classname="com.krystal.project.ToleranceRange" name="GuiTestcasesTolerance" time="0.0">
    <ignored/>
  </testcase> <!-- GuiTestcasesTolerance -->
  <testcase classname="com.krystal.project.ToleranceRange" name="navigation" time="0.0">
    <ignored/>
  </testcase> <!-- navigation -->
  <testcase classname="com.krystal.project.ToleranceRange" name="gantryRotationGui" time="0.0">
    <ignored/>
  </testcase> <!-- gantryRotationGui -->
  <testcase classname="com.krystal.project.ToleranceRange" name="PatientRotationInvalidAlpha" time="0.0">
    <ignored/>
  </testcase> <!-- PatientRotationInvalidAlpha -->
  <testcase classname="com.krystal.project.ToleranceRange" name="beamRotationGui" time="0.0">
    <ignored/>
  </testcase> <!-- beamRotationGui -->
  <testcase classname="com.krystal.project.ToleranceRange" name="gantryRotationvalid" time="0.0">
    <ignored/>
  </testcase> <!-- gantryRotationvalid -->
  <testcase classname="com.krystal.project.ToleranceRange" name="gantryRotationInvalidAlpha" time="0.0">
    <ignored/>
  </testcase> <!-- gantryRotationInvalidAlpha -->
  <testcase classname="com.krystal.project.ToleranceRange" name="PatientRotationGui" time="0.0">
    <ignored/>
  </testcase> <!-- PatientRotationGui -->
</testsuite> <!-- Test Case 1 -->
