<?xml version="1.0" encoding="UTF-8"?>
<!-- Generated by org.testng.reporters.JUnitReportReporter -->
<testsuite hostname="IT-00328-CPU" failures="0" tests="47" name="com.krystal.project.ToleranceRangeConfigurationTest" time="456.550" errors="3" timestamp="2023-11-27T17:08:50 IST" skipped="2">
  <testcase classname="com.krystal.project.ToleranceRangeConfigurationTest" name="Gantry" time="0.205"/>
  <system-out/>
  <testcase classname="com.krystal.project.ToleranceRangeConfigurationTest" name="GantryRotationAngle" time="0.195"/>
  <system-out/>
  <testcase classname="com.krystal.project.ToleranceRangeConfigurationTest" name="GantryRotationAngleMin" time="1.687"/>
  <system-out/>
  <testcase classname="com.krystal.project.ToleranceRangeConfigurationTest" name="Updateddatavalid" time="0.000">
    <skipped/>
  </testcase> <!-- Updateddatavalid -->
  <system-out/>
  <testcase classname="com.krystal.project.ToleranceRangeConfigurationTest" name="GantryRotationAngleMax" time="1.647"/>
  <system-out/>
  <testcase classname="com.krystal.project.ToleranceRangeConfigurationTest" name="tableNumberInvalidAlphabhets" time="0.205"/>
  <system-out/>
  <testcase classname="com.krystal.project.ToleranceRangeConfigurationTest" name="BeamLimitingDeviceRotationAngle" time="2.999"/>
  <system-out/>
  <testcase classname="com.krystal.project.ToleranceRangeConfigurationTest" name="BeamLimitingDeviceRotationAngleMin" time="1.758"/>
  <system-out/>
  <testcase classname="com.krystal.project.ToleranceRangeConfigurationTest" name="BeamLimitingDeviceRotationAngleMax" time="1.759"/>
  <system-out/>
  <testcase classname="com.krystal.project.ToleranceRangeConfigurationTest" name="Jaws" time="0.310"/>
  <system-out/>
  <testcase classname="com.krystal.project.ToleranceRangeConfigurationTest" name="JawsMin" time="1.743"/>
  <system-out/>
  <testcase classname="com.krystal.project.ToleranceRangeConfigurationTest" name="JawsMax" time="1.743"/>
  <system-out/>
  <testcase classname="com.krystal.project.ToleranceRangeConfigurationTest" name="MLC1Leaf" time="0.323"/>
  <system-out/>
  <testcase classname="com.krystal.project.ToleranceRangeConfigurationTest" name="MLC1LeafMin" time="1.858"/>
  <system-out/>
  <testcase classname="com.krystal.project.ToleranceRangeConfigurationTest" name="MLC1LeafMax" time="1.744"/>
  <system-out/>
  <testcase classname="com.krystal.project.ToleranceRangeConfigurationTest" name="MLC2Leaf" time="0.324"/>
  <system-out/>
  <testcase classname="com.krystal.project.ToleranceRangeConfigurationTest" name="MLC2LeafMin" time="1.745"/>
  <system-out/>
  <testcase classname="com.krystal.project.ToleranceRangeConfigurationTest" name="MLC2LeafMax" time="1.764"/>
  <system-out/>
  <testcase classname="com.krystal.project.ToleranceRangeConfigurationTest" name="PatientSupport" time="0.332"/>
  <system-out/>
  <testcase classname="com.krystal.project.ToleranceRangeConfigurationTest" name="PatientSupportRotationAngle" time="2.883"/>
  <system-out/>
  <testcase classname="com.krystal.project.ToleranceRangeConfigurationTest" name="PatientSupportRotationAngleMin" time="1.763"/>
  <system-out/>
  <testcase classname="com.krystal.project.ToleranceRangeConfigurationTest" name="PatientSupportRotationAngleMax" time="1.821"/>
  <system-out/>
  <testcase classname="com.krystal.project.ToleranceRangeConfigurationTest" name="Longitudinal" time="0.342"/>
  <system-out/>
  <testcase classname="com.krystal.project.ToleranceRangeConfigurationTest" name="LongitudinalMin" time="1.764"/>
  <system-out/>
  <testcase classname="com.krystal.project.ToleranceRangeConfigurationTest" name="LongitudinalMax" time="1.747"/>
  <system-out/>
  <testcase classname="com.krystal.project.ToleranceRangeConfigurationTest" name="Lateral" time="0.368"/>
  <system-out/>
  <testcase classname="com.krystal.project.ToleranceRangeConfigurationTest" name="LateralMin" time="1.755"/>
  <system-out/>
  <testcase classname="com.krystal.project.ToleranceRangeConfigurationTest" name="LateralMax" time="1.777"/>
  <system-out/>
  <testcase classname="com.krystal.project.ToleranceRangeConfigurationTest" name="Vertical" time="0.363"/>
  <system-out/>
  <testcase classname="com.krystal.project.ToleranceRangeConfigurationTest" name="VerticalMin" time="1.754"/>
  <system-out/>
  <testcase classname="com.krystal.project.ToleranceRangeConfigurationTest" name="VerticalMax" time="1.811"/>
  <system-out/>
  <testcase classname="com.krystal.project.ToleranceRangeConfigurationTest" name="PitchAngle" time="0.384"/>
  <system-out/>
  <testcase classname="com.krystal.project.ToleranceRangeConfigurationTest" name="PitchAngleMin" time="1.758"/>
  <system-out/>
  <testcase classname="com.krystal.project.ToleranceRangeConfigurationTest" name="PitchAngleMax" time="1.737"/>
  <system-out/>
  <testcase classname="com.krystal.project.ToleranceRangeConfigurationTest" name="RollAngle" time="0.429"/>
  <system-out/>
  <testcase classname="com.krystal.project.ToleranceRangeConfigurationTest" name="RollAngleMin" time="1.799"/>
  <system-out/>
  <testcase classname="com.krystal.project.ToleranceRangeConfigurationTest" name="RollAngleMax" time="1.814"/>
  <system-out/>
  <testcase classname="com.krystal.project.ToleranceRangeConfigurationTest" name="Savelabel" time="0.416"/>
  <system-out/>
  <testcase classname="com.krystal.project.ToleranceRangeConfigurationTest" name="saveenable" time="1.292">
    <error message="An element could not be located on the page using the given search parameters. (WARNING: The server did not provide any stacktrace information)
Command duration or timeout: 0 milliseconds
For documentation on this error, please visit: https://www.seleniumhq.org/exceptions/no_such_element.html
Build info: version: &#039;3.141.59&#039;, revision: &#039;e82be7d358&#039;, time: &#039;2018-11-14T08:17:03&#039;
System info: host: &#039;IT-00328-CPU&#039;, ip: &#039;192.168.11.18&#039;, os.name: &#039;Windows 10&#039;, os.arch: &#039;amd64&#039;, os.version: &#039;10.0&#039;, java.version: &#039;20&#039;
Driver info: io.appium.java_client.windows.WindowsDriver
Capabilities {app: C:\Program Files\Panacea Me..., javascriptEnabled: true, platform: WINDOWS, platformName: Windows}
Session ID: 59110F14-4479-4C0C-8647-21BD25B4CC0D
*** Element info: {Using=name, value=Input Cannot be blank}" type="org.openqa.selenium.NoSuchElementException">
      <![CDATA[org.openqa.selenium.NoSuchElementException: An element could not be located on the page using the given search parameters. (WARNING: The server did not provide any stacktrace information)
Command duration or timeout: 0 milliseconds
For documentation on this error, please visit: https://www.seleniumhq.org/exceptions/no_such_element.html
Build info: version: '3.141.59', revision: 'e82be7d358', time: '2018-11-14T08:17:03'
System info: host: 'IT-00328-CPU', ip: '192.168.11.18', os.name: 'Windows 10', os.arch: 'amd64', os.version: '10.0', java.version: '20'
Driver info: io.appium.java_client.windows.WindowsDriver
Capabilities {app: C:\Program Files\Panacea Me..., javascriptEnabled: true, platform: WINDOWS, platformName: Windows}
Session ID: 59110F14-4479-4C0C-8647-21BD25B4CC0D
*** Element info: {Using=name, value=Input Cannot be blank}
at java.base/jdk.internal.reflect.DirectConstructorHandleAccessor.newInstance(DirectConstructorHandleAccessor.java:67)
at java.base/java.lang.reflect.Constructor.newInstanceWithCaller(Constructor.java:500)
at java.base/java.lang.reflect.Constructor.newInstance(Constructor.java:484)
at org.openqa.selenium.remote.ErrorHandler.createThrowable(ErrorHandler.java:214)
at org.openqa.selenium.remote.ErrorHandler.throwIfResponseFailed(ErrorHandler.java:166)
at org.openqa.selenium.remote.http.JsonHttpResponseCodec.reconstructValue(JsonHttpResponseCodec.java:40)
at org.openqa.selenium.remote.http.AbstractHttpResponseCodec.decode(AbstractHttpResponseCodec.java:80)
at org.openqa.selenium.remote.http.AbstractHttpResponseCodec.decode(AbstractHttpResponseCodec.java:44)
at org.openqa.selenium.remote.HttpCommandExecutor.execute(HttpCommandExecutor.java:158)
at io.appium.java_client.remote.AppiumCommandExecutor.execute(AppiumCommandExecutor.java:250)
at org.openqa.selenium.remote.RemoteWebDriver.execute(RemoteWebDriver.java:552)
at io.appium.java_client.DefaultGenericMobileDriver.execute(DefaultGenericMobileDriver.java:41)
at io.appium.java_client.AppiumDriver.execute(AppiumDriver.java:1)
at io.appium.java_client.windows.WindowsDriver.execute(WindowsDriver.java:1)
at org.openqa.selenium.remote.RemoteWebDriver.findElement(RemoteWebDriver.java:323)
at io.appium.java_client.DefaultGenericMobileDriver.findElement(DefaultGenericMobileDriver.java:61)
at io.appium.java_client.AppiumDriver.findElement(AppiumDriver.java:1)
at io.appium.java_client.windows.WindowsDriver.findElement(WindowsDriver.java:1)
at org.openqa.selenium.remote.RemoteWebDriver.findElementByName(RemoteWebDriver.java:404)
at io.appium.java_client.DefaultGenericMobileDriver.findElementByName(DefaultGenericMobileDriver.java:117)
at io.appium.java_client.AppiumDriver.findElementByName(AppiumDriver.java:1)
at io.appium.java_client.windows.WindowsDriver.findElementByName(WindowsDriver.java:1)
at org.openqa.selenium.By$ByName.findElement(By.java:284)
at org.openqa.selenium.remote.RemoteWebDriver.findElement(RemoteWebDriver.java:315)
at io.appium.java_client.DefaultGenericMobileDriver.findElement(DefaultGenericMobileDriver.java:57)
at io.appium.java_client.AppiumDriver.findElement(AppiumDriver.java:1)
at io.appium.java_client.windows.WindowsDriver.findElement(WindowsDriver.java:1)
at com.krystal.project.ToleranceRangeConfigurationTest.saveenable(ToleranceRangeConfigurationTest.java:467)
at java.base/jdk.internal.reflect.DirectMethodHandleAccessor.invoke(DirectMethodHandleAccessor.java:104)
at java.base/java.lang.reflect.Method.invoke(Method.java:578)
at org.testng.internal.MethodInvocationHelper.invokeMethod(MethodInvocationHelper.java:133)
at org.testng.internal.TestInvoker.invokeMethod(TestInvoker.java:598)
at org.testng.internal.TestInvoker.invokeTestMethod(TestInvoker.java:173)
at org.testng.internal.MethodRunner.runInSequence(MethodRunner.java:46)
at org.testng.internal.TestInvoker$MethodInvocationAgent.invoke(TestInvoker.java:824)
at org.testng.internal.TestInvoker.invokeTestMethods(TestInvoker.java:146)
at org.testng.internal.TestMethodWorker.invokeTestMethods(TestMethodWorker.java:146)
at org.testng.internal.TestMethodWorker.run(TestMethodWorker.java:128)
at java.base/java.util.ArrayList.forEach(ArrayList.java:1511)
at org.testng.TestRunner.privateRun(TestRunner.java:794)
at org.testng.TestRunner.run(TestRunner.java:596)
at org.testng.SuiteRunner.runTest(SuiteRunner.java:377)
at org.testng.SuiteRunner.runSequentially(SuiteRunner.java:371)
at org.testng.SuiteRunner.privateRun(SuiteRunner.java:332)
at org.testng.SuiteRunner.run(SuiteRunner.java:276)
at org.testng.SuiteRunnerWorker.runSuite(SuiteRunnerWorker.java:53)
at org.testng.SuiteRunnerWorker.run(SuiteRunnerWorker.java:96)
at org.testng.TestNG.runSuitesSequentially(TestNG.java:1212)
at org.testng.TestNG.runSuitesLocally(TestNG.java:1134)
at org.testng.TestNG.runSuites(TestNG.java:1063)
at org.testng.TestNG.run(TestNG.java:1031)
at org.testng.remote.AbstractRemoteTestNG.run(AbstractRemoteTestNG.java:115)
at org.testng.remote.RemoteTestNG.initAndRun(RemoteTestNG.java:251)
at org.testng.remote.RemoteTestNG.main(RemoteTestNG.java:77)
]]>
    </error>
  </testcase> <!-- saveenable -->
  <system-out/>
  <testcase classname="com.krystal.project.ToleranceRangeConfigurationTest" name="Invalidchars" time="384.267"/>
  <system-out/>
  <testcase classname="com.krystal.project.ToleranceRangeConfigurationTest" name="InvalidRangeAngle" time="20.405"/>
  <system-out/>
  <testcase classname="com.krystal.project.ToleranceRangeConfigurationTest" name="BothequalRange" time="0.448"/>
  <system-out/>
  <testcase classname="com.krystal.project.ToleranceRangeConfigurationTest" name="MingreaterRange" time="0.475"/>
  <system-out/>
  <testcase classname="com.krystal.project.ToleranceRangeConfigurationTest" name="ValidRange" time="0.379">
    <error message="Currently selected window has been closed (WARNING: The server did not provide any stacktrace information)
Command duration or timeout: 0 milliseconds
Build info: version: &#039;3.141.59&#039;, revision: &#039;e82be7d358&#039;, time: &#039;2018-11-14T08:17:03&#039;
System info: host: &#039;IT-00328-CPU&#039;, ip: &#039;192.168.11.18&#039;, os.name: &#039;Windows 10&#039;, os.arch: &#039;amd64&#039;, os.version: &#039;10.0&#039;, java.version: &#039;20&#039;
Driver info: io.appium.java_client.windows.WindowsDriver
Capabilities {app: C:\Program Files\Panacea Me..., javascriptEnabled: true, platform: WINDOWS, platformName: Windows}
Session ID: 59110F14-4479-4C0C-8647-21BD25B4CC0D" type="org.openqa.selenium.NoSuchWindowException">
      <![CDATA[org.openqa.selenium.NoSuchWindowException: Currently selected window has been closed (WARNING: The server did not provide any stacktrace information)
Command duration or timeout: 0 milliseconds
Build info: version: '3.141.59', revision: 'e82be7d358', time: '2018-11-14T08:17:03'
System info: host: 'IT-00328-CPU', ip: '192.168.11.18', os.name: 'Windows 10', os.arch: 'amd64', os.version: '10.0', java.version: '20'
Driver info: io.appium.java_client.windows.WindowsDriver
Capabilities {app: C:\Program Files\Panacea Me..., javascriptEnabled: true, platform: WINDOWS, platformName: Windows}
Session ID: 59110F14-4479-4C0C-8647-21BD25B4CC0D
at java.base/jdk.internal.reflect.DirectConstructorHandleAccessor.newInstance(DirectConstructorHandleAccessor.java:67)
at java.base/java.lang.reflect.Constructor.newInstanceWithCaller(Constructor.java:500)
at java.base/java.lang.reflect.Constructor.newInstance(Constructor.java:484)
at org.openqa.selenium.remote.ErrorHandler.createThrowable(ErrorHandler.java:214)
at org.openqa.selenium.remote.ErrorHandler.throwIfResponseFailed(ErrorHandler.java:166)
at org.openqa.selenium.remote.http.JsonHttpResponseCodec.reconstructValue(JsonHttpResponseCodec.java:40)
at org.openqa.selenium.remote.http.AbstractHttpResponseCodec.decode(AbstractHttpResponseCodec.java:80)
at org.openqa.selenium.remote.http.AbstractHttpResponseCodec.decode(AbstractHttpResponseCodec.java:44)
at org.openqa.selenium.remote.HttpCommandExecutor.execute(HttpCommandExecutor.java:158)
at io.appium.java_client.remote.AppiumCommandExecutor.execute(AppiumCommandExecutor.java:250)
at org.openqa.selenium.remote.RemoteWebDriver.execute(RemoteWebDriver.java:552)
at io.appium.java_client.DefaultGenericMobileDriver.execute(DefaultGenericMobileDriver.java:45)
at io.appium.java_client.AppiumDriver.execute(AppiumDriver.java:1)
at io.appium.java_client.windows.WindowsDriver.execute(WindowsDriver.java:1)
at org.openqa.selenium.remote.RemoteWebDriver.getScreenshotAs(RemoteWebDriver.java:295)
at com.krystal.project.DemographicsExternal.captureScreenshot(DemographicsExternal.java:342)
at com.krystal.project.DemographicsExternal.isEnabled(DemographicsExternal.java:164)
at com.krystal.project.ToleranceRangeConfigurationTest.ValidRange(ToleranceRangeConfigurationTest.java:949)
at java.base/jdk.internal.reflect.DirectMethodHandleAccessor.invoke(DirectMethodHandleAccessor.java:104)
at java.base/java.lang.reflect.Method.invoke(Method.java:578)
at org.testng.internal.MethodInvocationHelper.invokeMethod(MethodInvocationHelper.java:133)
at org.testng.internal.TestInvoker.invokeMethod(TestInvoker.java:598)
at org.testng.internal.TestInvoker.invokeTestMethod(TestInvoker.java:173)
at org.testng.internal.MethodRunner.runInSequence(MethodRunner.java:46)
at org.testng.internal.TestInvoker$MethodInvocationAgent.invoke(TestInvoker.java:824)
at org.testng.internal.TestInvoker.invokeTestMethods(TestInvoker.java:146)
at org.testng.internal.TestMethodWorker.invokeTestMethods(TestMethodWorker.java:146)
at org.testng.internal.TestMethodWorker.run(TestMethodWorker.java:128)
at java.base/java.util.ArrayList.forEach(ArrayList.java:1511)
at org.testng.TestRunner.privateRun(TestRunner.java:794)
at org.testng.TestRunner.run(TestRunner.java:596)
at org.testng.SuiteRunner.runTest(SuiteRunner.java:377)
at org.testng.SuiteRunner.runSequentially(SuiteRunner.java:371)
at org.testng.SuiteRunner.privateRun(SuiteRunner.java:332)
at org.testng.SuiteRunner.run(SuiteRunner.java:276)
at org.testng.SuiteRunnerWorker.runSuite(SuiteRunnerWorker.java:53)
at org.testng.SuiteRunnerWorker.run(SuiteRunnerWorker.java:96)
at org.testng.TestNG.runSuitesSequentially(TestNG.java:1212)
at org.testng.TestNG.runSuitesLocally(TestNG.java:1134)
at org.testng.TestNG.runSuites(TestNG.java:1063)
at org.testng.TestNG.run(TestNG.java:1031)
at org.testng.remote.AbstractRemoteTestNG.run(AbstractRemoteTestNG.java:115)
at org.testng.remote.RemoteTestNG.initAndRun(RemoteTestNG.java:251)
at org.testng.remote.RemoteTestNG.main(RemoteTestNG.java:77)
]]>
    </error>
  </testcase> <!-- ValidRange -->
  <system-out/>
  <testcase classname="com.krystal.project.ToleranceRangeConfigurationTest" name="editdisable" time="0.000">
    <skipped/>
  </testcase> <!-- editdisable -->
  <system-out/>
  <testcase classname="com.krystal.project.ToleranceRangeConfigurationTest" name="Updatebutton" time="0.075"/>
  <system-out/>
  <testcase classname="com.krystal.project.ToleranceRangeConfigurationTest" name="DataUpdatebutton" time="0.383">
    <error message="Cannot invoke &quot;org.openqa.selenium.WebElement.click()&quot; because &quot;this.Update&quot; is null" type="java.lang.NullPointerException">
      <![CDATA[java.lang.NullPointerException: Cannot invoke "org.openqa.selenium.WebElement.click()" because "this.Update" is null
at com.krystal.project.ToleranceRangeConfigurationTest.DataUpdatebutton(ToleranceRangeConfigurationTest.java:1165)
at java.base/jdk.internal.reflect.DirectMethodHandleAccessor.invoke(DirectMethodHandleAccessor.java:104)
at java.base/java.lang.reflect.Method.invoke(Method.java:578)
at org.testng.internal.MethodInvocationHelper.invokeMethod(MethodInvocationHelper.java:133)
at org.testng.internal.TestInvoker.invokeMethod(TestInvoker.java:598)
at org.testng.internal.TestInvoker.invokeTestMethod(TestInvoker.java:173)
at org.testng.internal.MethodRunner.runInSequence(MethodRunner.java:46)
at org.testng.internal.TestInvoker$MethodInvocationAgent.invoke(TestInvoker.java:824)
at org.testng.internal.TestInvoker.invokeTestMethods(TestInvoker.java:146)
at org.testng.internal.TestMethodWorker.invokeTestMethods(TestMethodWorker.java:146)
at org.testng.internal.TestMethodWorker.run(TestMethodWorker.java:128)
at java.base/java.util.ArrayList.forEach(ArrayList.java:1511)
at org.testng.TestRunner.privateRun(TestRunner.java:794)
at org.testng.TestRunner.run(TestRunner.java:596)
at org.testng.SuiteRunner.runTest(SuiteRunner.java:377)
at org.testng.SuiteRunner.runSequentially(SuiteRunner.java:371)
at org.testng.SuiteRunner.privateRun(SuiteRunner.java:332)
at org.testng.SuiteRunner.run(SuiteRunner.java:276)
at org.testng.SuiteRunnerWorker.runSuite(SuiteRunnerWorker.java:53)
at org.testng.SuiteRunnerWorker.run(SuiteRunnerWorker.java:96)
at org.testng.TestNG.runSuitesSequentially(TestNG.java:1212)
at org.testng.TestNG.runSuitesLocally(TestNG.java:1134)
at org.testng.TestNG.runSuites(TestNG.java:1063)
at org.testng.TestNG.run(TestNG.java:1031)
at org.testng.remote.AbstractRemoteTestNG.run(AbstractRemoteTestNG.java:115)
at org.testng.remote.RemoteTestNG.initAndRun(RemoteTestNG.java:251)
at org.testng.remote.RemoteTestNG.main(RemoteTestNG.java:77)
]]>
    </error>
  </testcase> <!-- DataUpdatebutton -->
  <system-out/>
</testsuite> <!-- com.krystal.project.ToleranceRangeConfigurationTest -->
