<?xml version="1.0" encoding="UTF-8"?>
<!-- Generated by org.testng.reporters.JUnitReportReporter -->
<testsuite hostname="IT-00328-CPU" failures="0" tests="42" name="com.krystal.project.Vitals" time="513.289" errors="3" timestamp="2023-11-22T14:21:09 IST" skipped="0">
  <testcase classname="com.krystal.project.Vitals" name="vitalsTitleLabel" time="0.384"/>
  <system-out/>
  <testcase classname="com.krystal.project.Vitals" name="vitalsLabel" time="0.479"/>
  <system-out/>
  <testcase classname="com.krystal.project.Vitals" name="heightLabel" time="1.052"/>
  <system-out/>
  <testcase classname="com.krystal.project.Vitals" name="weightLabel" time="1.088"/>
  <system-out/>
  <testcase classname="com.krystal.project.Vitals" name="pulserateLabel" time="1.087"/>
  <system-out/>
  <testcase classname="com.krystal.project.Vitals" name="respiratoryrateLabe" time="1.111"/>
  <system-out/>
  <testcase classname="com.krystal.project.Vitals" name="bloodpressureLabel" time="1.147"/>
  <system-out/>
  <testcase classname="com.krystal.project.Vitals" name="temperatureLabel" time="1.179"/>
  <system-out/>
  <testcase classname="com.krystal.project.Vitals" name="datetimeLabel" time="1.105"/>
  <system-out/>
  <testcase classname="com.krystal.project.Vitals" name="vitaltrendLabel" time="0.751"/>
  <system-out/>
  <testcase classname="com.krystal.project.Vitals" name="ToverifyheightLabel" time="0.923"/>
  <system-out/>
  <testcase classname="com.krystal.project.Vitals" name="ToverifyweightLabel" time="0.966"/>
  <system-out/>
  <testcase classname="com.krystal.project.Vitals" name="ToverifypulserateLabel" time="0.959"/>
  <system-out/>
  <testcase classname="com.krystal.project.Vitals" name="ToverifyrespiratoryrateLabel" time="0.937"/>
  <system-out/>
  <testcase classname="com.krystal.project.Vitals" name="ToverifysystolicLabel" time="0.951"/>
  <system-out/>
  <testcase classname="com.krystal.project.Vitals" name="ToverifydiastolicLabel" time="0.956"/>
  <system-out/>
  <testcase classname="com.krystal.project.Vitals" name="ToverifytemperatureLabel" time="0.982"/>
  <system-out/>
  <testcase classname="com.krystal.project.Vitals" name="addclick" time="1.120"/>
  <system-out/>
  <testcase classname="com.krystal.project.Vitals" name="Toverifyaddheight" time="1.099"/>
  <system-out/>
  <testcase classname="com.krystal.project.Vitals" name="Toverifyaddweight" time="1.134"/>
  <system-out/>
  <testcase classname="com.krystal.project.Vitals" name="Toverifyaddpulserate" time="1.187"/>
  <system-out/>
  <testcase classname="com.krystal.project.Vitals" name="Toverifyaddrespiratoryrate" time="1.190"/>
  <system-out/>
  <testcase classname="com.krystal.project.Vitals" name="Toverifyaddblood" time="1.246"/>
  <system-out/>
  <testcase classname="com.krystal.project.Vitals" name="Toverifyaddtemperature" time="1.282"/>
  <system-out/>
  <testcase classname="com.krystal.project.Vitals" name="Toverifyaddsave" time="0.742"/>
  <system-out/>
  <testcase classname="com.krystal.project.Vitals" name="Toverifyaddclose" time="0.748"/>
  <system-out/>
  <testcase classname="com.krystal.project.Vitals" name="defaultbuttonenable" time="0.481"/>
  <system-out/>
  <testcase classname="com.krystal.project.Vitals" name="Emptydatasave" time="1.932"/>
  <system-out/>
  <testcase classname="com.krystal.project.Vitals" name="InvalidData" time="87.831"/>
  <system-out/>
  <testcase classname="com.krystal.project.Vitals" name="InvalidRange" time="150.953"/>
  <system-out/>
  <testcase classname="com.krystal.project.Vitals" name="invaliddatasave" time="22.877"/>
  <system-out/>
  <testcase classname="com.krystal.project.Vitals" name="Textfieldvalidadata" time="136.805"/>
  <system-out/>
  <testcase classname="com.krystal.project.Vitals" name="validdatasave" time="15.031"/>
  <system-out/>
  <testcase classname="com.krystal.project.Vitals" name="validdatanextsave" time="16.144"/>
  <system-out/>
  <testcase classname="com.krystal.project.Vitals" name="validedit" time="2.336"/>
  <system-out/>
  <testcase classname="com.krystal.project.Vitals" name="Editclick" time="4.325"/>
  <system-out/>
  <testcase classname="com.krystal.project.Vitals" name="Editdata" time="30.571"/>
  <system-out/>
  <testcase classname="com.krystal.project.Vitals" name="gettext" time="10.127"/>
  <system-out/>
  <testcase classname="com.krystal.project.Vitals" name="deleteCancelbutton" time="3.620"/>
  <system-out/>
  <testcase classname="com.krystal.project.Vitals" name="deleteOKbutton" time="4.144">
    <error message="An element command could not be completed because the element is not pointer- or keyboard interactable. (WARNING: The server did not provide any stacktrace information)
Command duration or timeout: 0 milliseconds
Build info: version: &#039;3.141.59&#039;, revision: &#039;e82be7d358&#039;, time: &#039;2018-11-14T08:17:03&#039;
System info: host: &#039;IT-00328-CPU&#039;, ip: &#039;192.168.11.18&#039;, os.name: &#039;Windows 10&#039;, os.arch: &#039;amd64&#039;, os.version: &#039;10.0&#039;, java.version: &#039;20&#039;
Driver info: io.appium.java_client.windows.WindowsDriver
Capabilities {app: C:\Program Files\Panacea Me..., javascriptEnabled: true, platform: WINDOWS, platformName: Windows}
Session ID: F25497DD-EA4A-4F19-B210-8D41B9565C76" type="org.openqa.selenium.WebDriverException">
      <![CDATA[org.openqa.selenium.WebDriverException: An element command could not be completed because the element is not pointer- or keyboard interactable. (WARNING: The server did not provide any stacktrace information)
Command duration or timeout: 0 milliseconds
Build info: version: '3.141.59', revision: 'e82be7d358', time: '2018-11-14T08:17:03'
System info: host: 'IT-00328-CPU', ip: '192.168.11.18', os.name: 'Windows 10', os.arch: 'amd64', os.version: '10.0', java.version: '20'
Driver info: io.appium.java_client.windows.WindowsDriver
Capabilities {app: C:\Program Files\Panacea Me..., javascriptEnabled: true, platform: WINDOWS, platformName: Windows}
Session ID: F25497DD-EA4A-4F19-B210-8D41B9565C76
at java.base/jdk.internal.reflect.DirectConstructorHandleAccessor.newInstance(DirectConstructorHandleAccessor.java:67)
at java.base/java.lang.reflect.Constructor.newInstanceWithCaller(Constructor.java:500)
at java.base/java.lang.reflect.Constructor.newInstance(Constructor.java:484)
at org.openqa.selenium.remote.ErrorHandler.createThrowable(ErrorHandler.java:214)
at org.openqa.selenium.remote.ErrorHandler.throwIfResponseFailed(ErrorHandler.java:166)
at org.openqa.selenium.remote.http.JsonHttpResponseCodec.reconstructValue(JsonHttpResponseCodec.java:40)
at org.openqa.selenium.remote.http.AbstractHttpResponseCodec.decode(AbstractHttpResponseCodec.java:80)
at org.openqa.selenium.remote.http.AbstractHttpResponseCodec.decode(AbstractHttpResponseCodec.java:44)
at org.openqa.selenium.remote.HttpCommandExecutor.execute(HttpCommandExecutor.java:158)
at io.appium.java_client.remote.AppiumCommandExecutor.execute(AppiumCommandExecutor.java:250)
at org.openqa.selenium.remote.RemoteWebDriver.execute(RemoteWebDriver.java:552)
at io.appium.java_client.DefaultGenericMobileDriver.execute(DefaultGenericMobileDriver.java:41)
at io.appium.java_client.AppiumDriver.execute(AppiumDriver.java:1)
at io.appium.java_client.windows.WindowsDriver.execute(WindowsDriver.java:1)
at org.openqa.selenium.remote.RemoteWebElement.execute(RemoteWebElement.java:285)
at io.appium.java_client.DefaultGenericMobileElement.execute(DefaultGenericMobileElement.java:45)
at io.appium.java_client.MobileElement.execute(MobileElement.java:1)
at io.appium.java_client.windows.WindowsElement.execute(WindowsElement.java:1)
at org.openqa.selenium.remote.RemoteWebElement.click(RemoteWebElement.java:84)
at com.krystal.project.ReferencefileChemotheraphy.Sitesave1(ReferencefileChemotheraphy.java:688)
at com.krystal.project.Vitals.deleteOKbutton(Vitals.java:422)
at java.base/jdk.internal.reflect.DirectMethodHandleAccessor.invoke(DirectMethodHandleAccessor.java:104)
at java.base/java.lang.reflect.Method.invoke(Method.java:578)
at org.testng.internal.MethodInvocationHelper.invokeMethod(MethodInvocationHelper.java:133)
at org.testng.internal.TestInvoker.invokeMethod(TestInvoker.java:598)
at org.testng.internal.TestInvoker.invokeTestMethod(TestInvoker.java:173)
at org.testng.internal.MethodRunner.runInSequence(MethodRunner.java:46)
at org.testng.internal.TestInvoker$MethodInvocationAgent.invoke(TestInvoker.java:824)
at org.testng.internal.TestInvoker.invokeTestMethods(TestInvoker.java:146)
at org.testng.internal.TestMethodWorker.invokeTestMethods(TestMethodWorker.java:146)
at org.testng.internal.TestMethodWorker.run(TestMethodWorker.java:128)
at java.base/java.util.ArrayList.forEach(ArrayList.java:1511)
at org.testng.TestRunner.privateRun(TestRunner.java:794)
at org.testng.TestRunner.run(TestRunner.java:596)
at org.testng.SuiteRunner.runTest(SuiteRunner.java:377)
at org.testng.SuiteRunner.runSequentially(SuiteRunner.java:371)
at org.testng.SuiteRunner.privateRun(SuiteRunner.java:332)
at org.testng.SuiteRunner.run(SuiteRunner.java:276)
at org.testng.SuiteRunnerWorker.runSuite(SuiteRunnerWorker.java:53)
at org.testng.SuiteRunnerWorker.run(SuiteRunnerWorker.java:96)
at org.testng.TestNG.runSuitesSequentially(TestNG.java:1212)
at org.testng.TestNG.runSuitesLocally(TestNG.java:1134)
at org.testng.TestNG.runSuites(TestNG.java:1063)
at org.testng.TestNG.run(TestNG.java:1031)
at org.testng.remote.AbstractRemoteTestNG.run(AbstractRemoteTestNG.java:115)
at org.testng.remote.RemoteTestNG.initAndRun(RemoteTestNG.java:251)
at org.testng.remote.RemoteTestNG.main(RemoteTestNG.java:77)
]]>
    </error>
  </testcase> <!-- deleteOKbutton -->
  <system-out/>
  <testcase classname="com.krystal.project.Vitals" name="deleteenterdata" time="0.121">
    <error message="Index 17 out of bounds for length 3" type="java.lang.IndexOutOfBoundsException">
      <![CDATA[java.lang.IndexOutOfBoundsException: Index 17 out of bounds for length 3
at java.base/jdk.internal.util.Preconditions.outOfBounds(Preconditions.java:100)
at java.base/jdk.internal.util.Preconditions.outOfBoundsCheckIndex(Preconditions.java:106)
at java.base/jdk.internal.util.Preconditions.checkIndex(Preconditions.java:302)
at java.base/java.util.Objects.checkIndex(Objects.java:385)
at java.base/java.util.ArrayList.get(ArrayList.java:427)
at com.krystal.project.Vitals.addclick(Vitals.java:162)
at com.krystal.project.Vitals.deleteenterdata(Vitals.java:427)
at java.base/jdk.internal.reflect.DirectMethodHandleAccessor.invoke(DirectMethodHandleAccessor.java:104)
at java.base/java.lang.reflect.Method.invoke(Method.java:578)
at org.testng.internal.MethodInvocationHelper.invokeMethod(MethodInvocationHelper.java:133)
at org.testng.internal.TestInvoker.invokeMethod(TestInvoker.java:598)
at org.testng.internal.TestInvoker.invokeTestMethod(TestInvoker.java:173)
at org.testng.internal.MethodRunner.runInSequence(MethodRunner.java:46)
at org.testng.internal.TestInvoker$MethodInvocationAgent.invoke(TestInvoker.java:824)
at org.testng.internal.TestInvoker.invokeTestMethods(TestInvoker.java:146)
at org.testng.internal.TestMethodWorker.invokeTestMethods(TestMethodWorker.java:146)
at org.testng.internal.TestMethodWorker.run(TestMethodWorker.java:128)
at java.base/java.util.ArrayList.forEach(ArrayList.java:1511)
at org.testng.TestRunner.privateRun(TestRunner.java:794)
at org.testng.TestRunner.run(TestRunner.java:596)
at org.testng.SuiteRunner.runTest(SuiteRunner.java:377)
at org.testng.SuiteRunner.runSequentially(SuiteRunner.java:371)
at org.testng.SuiteRunner.privateRun(SuiteRunner.java:332)
at org.testng.SuiteRunner.run(SuiteRunner.java:276)
at org.testng.SuiteRunnerWorker.runSuite(SuiteRunnerWorker.java:53)
at org.testng.SuiteRunnerWorker.run(SuiteRunnerWorker.java:96)
at org.testng.TestNG.runSuitesSequentially(TestNG.java:1212)
at org.testng.TestNG.runSuitesLocally(TestNG.java:1134)
at org.testng.TestNG.runSuites(TestNG.java:1063)
at org.testng.TestNG.run(TestNG.java:1031)
at org.testng.remote.AbstractRemoteTestNG.run(AbstractRemoteTestNG.java:115)
at org.testng.remote.RemoteTestNG.initAndRun(RemoteTestNG.java:251)
at org.testng.remote.RemoteTestNG.main(RemoteTestNG.java:77)
]]>
    </error>
  </testcase> <!-- deleteenterdata -->
  <system-out/>
  <testcase classname="com.krystal.project.Vitals" name="VitalsThred" time="0.186">
    <error message="An element could not be located on the page using the given search parameters. (WARNING: The server did not provide any stacktrace information)
Command duration or timeout: 0 milliseconds
For documentation on this error, please visit: https://www.seleniumhq.org/exceptions/no_such_element.html
Build info: version: &#039;3.141.59&#039;, revision: &#039;e82be7d358&#039;, time: &#039;2018-11-14T08:17:03&#039;
System info: host: &#039;IT-00328-CPU&#039;, ip: &#039;192.168.11.18&#039;, os.name: &#039;Windows 10&#039;, os.arch: &#039;amd64&#039;, os.version: &#039;10.0&#039;, java.version: &#039;20&#039;
Driver info: io.appium.java_client.windows.WindowsDriver
Capabilities {app: C:\Program Files\Panacea Me..., javascriptEnabled: true, platform: WINDOWS, platformName: Windows}
Session ID: F25497DD-EA4A-4F19-B210-8D41B9565C76
*** Element info: {Using=xpath, value=//Button[@HelpText=&quot;Menu&quot;]}" type="org.openqa.selenium.NoSuchElementException">
      <![CDATA[org.openqa.selenium.NoSuchElementException: An element could not be located on the page using the given search parameters. (WARNING: The server did not provide any stacktrace information)
Command duration or timeout: 0 milliseconds
For documentation on this error, please visit: https://www.seleniumhq.org/exceptions/no_such_element.html
Build info: version: '3.141.59', revision: 'e82be7d358', time: '2018-11-14T08:17:03'
System info: host: 'IT-00328-CPU', ip: '192.168.11.18', os.name: 'Windows 10', os.arch: 'amd64', os.version: '10.0', java.version: '20'
Driver info: io.appium.java_client.windows.WindowsDriver
Capabilities {app: C:\Program Files\Panacea Me..., javascriptEnabled: true, platform: WINDOWS, platformName: Windows}
Session ID: F25497DD-EA4A-4F19-B210-8D41B9565C76
*** Element info: {Using=xpath, value=//Button[@HelpText="Menu"]}
at java.base/jdk.internal.reflect.DirectConstructorHandleAccessor.newInstance(DirectConstructorHandleAccessor.java:67)
at java.base/java.lang.reflect.Constructor.newInstanceWithCaller(Constructor.java:500)
at java.base/java.lang.reflect.Constructor.newInstance(Constructor.java:484)
at org.openqa.selenium.remote.ErrorHandler.createThrowable(ErrorHandler.java:214)
at org.openqa.selenium.remote.ErrorHandler.throwIfResponseFailed(ErrorHandler.java:166)
at org.openqa.selenium.remote.http.JsonHttpResponseCodec.reconstructValue(JsonHttpResponseCodec.java:40)
at org.openqa.selenium.remote.http.AbstractHttpResponseCodec.decode(AbstractHttpResponseCodec.java:80)
at org.openqa.selenium.remote.http.AbstractHttpResponseCodec.decode(AbstractHttpResponseCodec.java:44)
at org.openqa.selenium.remote.HttpCommandExecutor.execute(HttpCommandExecutor.java:158)
at io.appium.java_client.remote.AppiumCommandExecutor.execute(AppiumCommandExecutor.java:250)
at org.openqa.selenium.remote.RemoteWebDriver.execute(RemoteWebDriver.java:552)
at io.appium.java_client.DefaultGenericMobileDriver.execute(DefaultGenericMobileDriver.java:41)
at io.appium.java_client.AppiumDriver.execute(AppiumDriver.java:1)
at io.appium.java_client.windows.WindowsDriver.execute(WindowsDriver.java:1)
at org.openqa.selenium.remote.RemoteWebDriver.findElement(RemoteWebDriver.java:323)
at io.appium.java_client.DefaultGenericMobileDriver.findElement(DefaultGenericMobileDriver.java:61)
at io.appium.java_client.AppiumDriver.findElement(AppiumDriver.java:1)
at io.appium.java_client.windows.WindowsDriver.findElement(WindowsDriver.java:1)
at org.openqa.selenium.remote.RemoteWebDriver.findElementByXPath(RemoteWebDriver.java:428)
at io.appium.java_client.DefaultGenericMobileDriver.findElementByXPath(DefaultGenericMobileDriver.java:151)
at io.appium.java_client.AppiumDriver.findElementByXPath(AppiumDriver.java:1)
at io.appium.java_client.windows.WindowsDriver.findElementByXPath(WindowsDriver.java:1)
at org.openqa.selenium.By$ByXPath.findElement(By.java:353)
at org.openqa.selenium.remote.RemoteWebDriver.findElement(RemoteWebDriver.java:315)
at io.appium.java_client.DefaultGenericMobileDriver.findElement(DefaultGenericMobileDriver.java:57)
at io.appium.java_client.AppiumDriver.findElement(AppiumDriver.java:1)
at io.appium.java_client.windows.WindowsDriver.findElement(WindowsDriver.java:1)
at org.openqa.selenium.support.pagefactory.DefaultElementLocator.findElement(DefaultElementLocator.java:69)
at org.openqa.selenium.support.pagefactory.internal.LocatingElementHandler.invoke(LocatingElementHandler.java:38)
at jdk.proxy2/jdk.proxy2.$Proxy14.click(Unknown Source)
at com.krystal.project.Vitals.VitalsThred(Vitals.java:437)
at java.base/jdk.internal.reflect.DirectMethodHandleAccessor.invoke(DirectMethodHandleAccessor.java:104)
at java.base/java.lang.reflect.Method.invoke(Method.java:578)
at org.testng.internal.MethodInvocationHelper.invokeMethod(MethodInvocationHelper.java:133)
at org.testng.internal.TestInvoker.invokeMethod(TestInvoker.java:598)
at org.testng.internal.TestInvoker.invokeTestMethod(TestInvoker.java:173)
at org.testng.internal.MethodRunner.runInSequence(MethodRunner.java:46)
at org.testng.internal.TestInvoker$MethodInvocationAgent.invoke(TestInvoker.java:824)
at org.testng.internal.TestInvoker.invokeTestMethods(TestInvoker.java:146)
at org.testng.internal.TestMethodWorker.invokeTestMethods(TestMethodWorker.java:146)
at org.testng.internal.TestMethodWorker.run(TestMethodWorker.java:128)
at java.base/java.util.ArrayList.forEach(ArrayList.java:1511)
at org.testng.TestRunner.privateRun(TestRunner.java:794)
at org.testng.TestRunner.run(TestRunner.java:596)
at org.testng.SuiteRunner.runTest(SuiteRunner.java:377)
at org.testng.SuiteRunner.runSequentially(SuiteRunner.java:371)
at org.testng.SuiteRunner.privateRun(SuiteRunner.java:332)
at org.testng.SuiteRunner.run(SuiteRunner.java:276)
at org.testng.SuiteRunnerWorker.runSuite(SuiteRunnerWorker.java:53)
at org.testng.SuiteRunnerWorker.run(SuiteRunnerWorker.java:96)
at org.testng.TestNG.runSuitesSequentially(TestNG.java:1212)
at org.testng.TestNG.runSuitesLocally(TestNG.java:1134)
at org.testng.TestNG.runSuites(TestNG.java:1063)
at org.testng.TestNG.run(TestNG.java:1031)
at org.testng.remote.AbstractRemoteTestNG.run(AbstractRemoteTestNG.java:115)
at org.testng.remote.RemoteTestNG.initAndRun(RemoteTestNG.java:251)
at org.testng.remote.RemoteTestNG.main(RemoteTestNG.java:77)
]]>
    </error>
  </testcase> <!-- VitalsThred -->
  <system-out/>
</testsuite> <!-- com.krystal.project.Vitals -->
