<?xml version="1.0" encoding="UTF-8"?>
<!-- Generated by org.testng.reporters.JUnitReportReporter -->
<testsuite hostname="IT-00328-CPU" failures="0" tests="20" name="com.krystal.project.ToleranceSettingsTest" time="20.689" errors="1" timestamp="2023-11-02T16:17:43 IST" skipped="0">
  <testcase classname="com.krystal.project.ToleranceSettingsTest" name="TreatmentToleranceLabel" time="0.487"/>
  <system-out/>
  <testcase classname="com.krystal.project.ToleranceSettingsTest" name="TableNumberLabel" time="0.708"/>
  <system-out/>
  <testcase classname="com.krystal.project.ToleranceSettingsTest" name="TableNameLabel" time="0.728"/>
  <system-out/>
  <testcase classname="com.krystal.project.ToleranceSettingsTest" name="GantryLabel" time="0.393"/>
  <system-out/>
  <testcase classname="com.krystal.project.ToleranceSettingsTest" name="RotationAngleLabel" time="0.764"/>
  <system-out/>
  <testcase classname="com.krystal.project.ToleranceSettingsTest" name="BeamLimitingDeviceLabel" time="0.414"/>
  <system-out/>
  <testcase classname="com.krystal.project.ToleranceSettingsTest" name="RotationAngle" time="3.529"/>
  <system-out/>
  <testcase classname="com.krystal.project.ToleranceSettingsTest" name="JawsLabel" time="0.893"/>
  <system-out/>
  <testcase classname="com.krystal.project.ToleranceSettingsTest" name="MlcleafLabel1" time="0.867"/>
  <system-out/>
  <testcase classname="com.krystal.project.ToleranceSettingsTest" name="MlcleafLabel2" time="0.906"/>
  <system-out/>
  <testcase classname="com.krystal.project.ToleranceSettingsTest" name="PatientSupportLabel" time="0.472"/>
  <system-out/>
  <testcase classname="com.krystal.project.ToleranceSettingsTest" name="RotationAngle3" time="3.527"/>
  <system-out/>
  <testcase classname="com.krystal.project.ToleranceSettingsTest" name="LongitudinalLabel" time="1.001"/>
  <system-out/>
  <testcase classname="com.krystal.project.ToleranceSettingsTest" name="LateralLabel" time="0.972"/>
  <system-out/>
  <testcase classname="com.krystal.project.ToleranceSettingsTest" name="VerticalLabel" time="1.000"/>
  <system-out/>
  <testcase classname="com.krystal.project.ToleranceSettingsTest" name="PitchAngleLabel" time="1.071"/>
  <system-out/>
  <testcase classname="com.krystal.project.ToleranceSettingsTest" name="RollAngleLabel" time="1.065"/>
  <system-out/>
  <testcase classname="com.krystal.project.ToleranceSettingsTest" name="ToleranceTablenumberLabel" time="0.690"/>
  <system-out/>
  <testcase classname="com.krystal.project.ToleranceSettingsTest" name="ToleranceTablenameLabel" time="0.717">
    <error message="An element could not be located on the page using the given search parameters. (WARNING: The server did not provide any stacktrace information)
Command duration or timeout: 0 milliseconds
For documentation on this error, please visit: https://www.seleniumhq.org/exceptions/no_such_element.html
Build info: version: &#039;3.141.59&#039;, revision: &#039;e82be7d358&#039;, time: &#039;2018-11-14T08:17:03&#039;
System info: host: &#039;IT-00328-CPU&#039;, ip: &#039;192.168.11.18&#039;, os.name: &#039;Windows 10&#039;, os.arch: &#039;amd64&#039;, os.version: &#039;10.0&#039;, java.version: &#039;20&#039;
Driver info: io.appium.java_client.windows.WindowsDriver
Capabilities {app: C:\Program Files\Panacea Me..., javascriptEnabled: true, platform: WINDOWS, platformName: Windows}
Session ID: 8431FCB9-B6A1-4865-8E4F-3A063A824D28
*** Element info: {Using=name, value=Tolerance Table Name}" type="org.openqa.selenium.NoSuchElementException">
      <![CDATA[org.openqa.selenium.NoSuchElementException: An element could not be located on the page using the given search parameters. (WARNING: The server did not provide any stacktrace information)
Command duration or timeout: 0 milliseconds
For documentation on this error, please visit: https://www.seleniumhq.org/exceptions/no_such_element.html
Build info: version: '3.141.59', revision: 'e82be7d358', time: '2018-11-14T08:17:03'
System info: host: 'IT-00328-CPU', ip: '192.168.11.18', os.name: 'Windows 10', os.arch: 'amd64', os.version: '10.0', java.version: '20'
Driver info: io.appium.java_client.windows.WindowsDriver
Capabilities {app: C:\Program Files\Panacea Me..., javascriptEnabled: true, platform: WINDOWS, platformName: Windows}
Session ID: 8431FCB9-B6A1-4865-8E4F-3A063A824D28
*** Element info: {Using=name, value=Tolerance Table Name}
at java.base/jdk.internal.reflect.DirectConstructorHandleAccessor.newInstance(DirectConstructorHandleAccessor.java:67)
at java.base/java.lang.reflect.Constructor.newInstanceWithCaller(Constructor.java:500)
at java.base/java.lang.reflect.Constructor.newInstance(Constructor.java:484)
at org.openqa.selenium.remote.ErrorHandler.createThrowable(ErrorHandler.java:214)
at org.openqa.selenium.remote.ErrorHandler.throwIfResponseFailed(ErrorHandler.java:166)
at org.openqa.selenium.remote.http.JsonHttpResponseCodec.reconstructValue(JsonHttpResponseCodec.java:40)
at org.openqa.selenium.remote.http.AbstractHttpResponseCodec.decode(AbstractHttpResponseCodec.java:80)
at org.openqa.selenium.remote.http.AbstractHttpResponseCodec.decode(AbstractHttpResponseCodec.java:44)
at org.openqa.selenium.remote.HttpCommandExecutor.execute(HttpCommandExecutor.java:158)
at io.appium.java_client.remote.AppiumCommandExecutor.execute(AppiumCommandExecutor.java:250)
at org.openqa.selenium.remote.RemoteWebDriver.execute(RemoteWebDriver.java:552)
at io.appium.java_client.DefaultGenericMobileDriver.execute(DefaultGenericMobileDriver.java:41)
at io.appium.java_client.AppiumDriver.execute(AppiumDriver.java:1)
at io.appium.java_client.windows.WindowsDriver.execute(WindowsDriver.java:1)
at org.openqa.selenium.remote.RemoteWebDriver.findElement(RemoteWebDriver.java:323)
at io.appium.java_client.DefaultGenericMobileDriver.findElement(DefaultGenericMobileDriver.java:61)
at io.appium.java_client.AppiumDriver.findElement(AppiumDriver.java:1)
at io.appium.java_client.windows.WindowsDriver.findElement(WindowsDriver.java:1)
at org.openqa.selenium.remote.RemoteWebDriver.findElementByName(RemoteWebDriver.java:404)
at io.appium.java_client.DefaultGenericMobileDriver.findElementByName(DefaultGenericMobileDriver.java:117)
at io.appium.java_client.AppiumDriver.findElementByName(AppiumDriver.java:1)
at io.appium.java_client.windows.WindowsDriver.findElementByName(WindowsDriver.java:1)
at org.openqa.selenium.By$ByName.findElement(By.java:284)
at org.openqa.selenium.remote.RemoteWebDriver.findElement(RemoteWebDriver.java:315)
at io.appium.java_client.DefaultGenericMobileDriver.findElement(DefaultGenericMobileDriver.java:57)
at io.appium.java_client.AppiumDriver.findElement(AppiumDriver.java:1)
at io.appium.java_client.windows.WindowsDriver.findElement(WindowsDriver.java:1)
at com.krystal.project.ToleranceSettingsTest.ToleranceTablenameLabel(ToleranceSettingsTest.java:246)
at java.base/jdk.internal.reflect.DirectMethodHandleAccessor.invoke(DirectMethodHandleAccessor.java:104)
at java.base/java.lang.reflect.Method.invoke(Method.java:578)
at org.testng.internal.MethodInvocationHelper.invokeMethod(MethodInvocationHelper.java:133)
at org.testng.internal.TestInvoker.invokeMethod(TestInvoker.java:598)
at org.testng.internal.TestInvoker.invokeTestMethod(TestInvoker.java:173)
at org.testng.internal.MethodRunner.runInSequence(MethodRunner.java:46)
at org.testng.internal.TestInvoker$MethodInvocationAgent.invoke(TestInvoker.java:824)
at org.testng.internal.TestInvoker.invokeTestMethods(TestInvoker.java:146)
at org.testng.internal.TestMethodWorker.invokeTestMethods(TestMethodWorker.java:146)
at org.testng.internal.TestMethodWorker.run(TestMethodWorker.java:128)
at java.base/java.util.ArrayList.forEach(ArrayList.java:1511)
at org.testng.TestRunner.privateRun(TestRunner.java:794)
at org.testng.TestRunner.run(TestRunner.java:596)
at org.testng.SuiteRunner.runTest(SuiteRunner.java:377)
at org.testng.SuiteRunner.runSequentially(SuiteRunner.java:371)
at org.testng.SuiteRunner.privateRun(SuiteRunner.java:332)
at org.testng.SuiteRunner.run(SuiteRunner.java:276)
at org.testng.SuiteRunnerWorker.runSuite(SuiteRunnerWorker.java:53)
at org.testng.SuiteRunnerWorker.run(SuiteRunnerWorker.java:96)
at org.testng.TestNG.runSuitesSequentially(TestNG.java:1212)
at org.testng.TestNG.runSuitesLocally(TestNG.java:1134)
at org.testng.TestNG.runSuites(TestNG.java:1063)
at org.testng.TestNG.run(TestNG.java:1031)
at org.testng.remote.AbstractRemoteTestNG.run(AbstractRemoteTestNG.java:115)
at org.testng.remote.RemoteTestNG.initAndRun(RemoteTestNG.java:251)
at org.testng.remote.RemoteTestNG.main(RemoteTestNG.java:77)
]]>
    </error>
  </testcase> <!-- ToleranceTablenameLabel -->
  <system-out/>
  <testcase classname="com.krystal.project.ToleranceSettingsTest" name="SaveLabel" time="0.485"/>
  <system-out/>
</testsuite> <!-- com.krystal.project.ToleranceSettingsTest -->
