<?xml version="1.0" encoding="UTF-8"?>
<!-- Generated by org.testng.reporters.JUnitReportReporter -->
<testsuite hostname="IT-00328-CPU" failures="0" tests="41" name="com.krystal.project.SystemInformation" time="0.423" errors="1" timestamp="2023-11-30T18:10:00 IST" skipped="40">
  <testcase classname="com.krystal.project.SystemInformation" name="setUp1" time="0.423">
    <error message="An element could not be located on the page using the given search parameters. (WARNING: The server did not provide any stacktrace information)
Command duration or timeout: 0 milliseconds
For documentation on this error, please visit: https://www.seleniumhq.org/exceptions/no_such_element.html
Build info: version: &#039;3.141.59&#039;, revision: &#039;e82be7d358&#039;, time: &#039;2018-11-14T08:17:03&#039;
System info: host: &#039;IT-00328-CPU&#039;, ip: &#039;192.168.11.18&#039;, os.name: &#039;Windows 10&#039;, os.arch: &#039;amd64&#039;, os.version: &#039;10.0&#039;, java.version: &#039;20&#039;
Driver info: io.appium.java_client.windows.WindowsDriver
Capabilities {app: C:\Program Files\Panacea Me..., javascriptEnabled: true, platform: WINDOWS, platformName: Windows}
Session ID: 20202F06-FD5A-43DE-BE11-A78A9E558F1E
*** Element info: {Using=xpath, value=//Window[@ClassName=&quot;Window&quot;][@Name=&quot;Krystal&quot;]/Custom[@ClassName=&quot;SignInView&quot;]/Edit[@AutomationId=&quot;TxtbxUsername&quot;]}" type="org.openqa.selenium.NoSuchElementException">
      <![CDATA[org.openqa.selenium.NoSuchElementException: An element could not be located on the page using the given search parameters. (WARNING: The server did not provide any stacktrace information)
Command duration or timeout: 0 milliseconds
For documentation on this error, please visit: https://www.seleniumhq.org/exceptions/no_such_element.html
Build info: version: '3.141.59', revision: 'e82be7d358', time: '2018-11-14T08:17:03'
System info: host: 'IT-00328-CPU', ip: '192.168.11.18', os.name: 'Windows 10', os.arch: 'amd64', os.version: '10.0', java.version: '20'
Driver info: io.appium.java_client.windows.WindowsDriver
Capabilities {app: C:\Program Files\Panacea Me..., javascriptEnabled: true, platform: WINDOWS, platformName: Windows}
Session ID: 20202F06-FD5A-43DE-BE11-A78A9E558F1E
*** Element info: {Using=xpath, value=//Window[@ClassName="Window"][@Name="Krystal"]/Custom[@ClassName="SignInView"]/Edit[@AutomationId="TxtbxUsername"]}
at java.base/jdk.internal.reflect.DirectConstructorHandleAccessor.newInstance(DirectConstructorHandleAccessor.java:67)
at java.base/java.lang.reflect.Constructor.newInstanceWithCaller(Constructor.java:500)
at java.base/java.lang.reflect.Constructor.newInstance(Constructor.java:484)
at org.openqa.selenium.remote.ErrorHandler.createThrowable(ErrorHandler.java:214)
at org.openqa.selenium.remote.ErrorHandler.throwIfResponseFailed(ErrorHandler.java:166)
at org.openqa.selenium.remote.http.JsonHttpResponseCodec.reconstructValue(JsonHttpResponseCodec.java:40)
at org.openqa.selenium.remote.http.AbstractHttpResponseCodec.decode(AbstractHttpResponseCodec.java:80)
at org.openqa.selenium.remote.http.AbstractHttpResponseCodec.decode(AbstractHttpResponseCodec.java:44)
at org.openqa.selenium.remote.HttpCommandExecutor.execute(HttpCommandExecutor.java:158)
at io.appium.java_client.remote.AppiumCommandExecutor.execute(AppiumCommandExecutor.java:250)
at org.openqa.selenium.remote.RemoteWebDriver.execute(RemoteWebDriver.java:552)
at io.appium.java_client.DefaultGenericMobileDriver.execute(DefaultGenericMobileDriver.java:41)
at io.appium.java_client.AppiumDriver.execute(AppiumDriver.java:1)
at io.appium.java_client.windows.WindowsDriver.execute(WindowsDriver.java:1)
at org.openqa.selenium.remote.RemoteWebDriver.findElement(RemoteWebDriver.java:323)
at io.appium.java_client.DefaultGenericMobileDriver.findElement(DefaultGenericMobileDriver.java:61)
at io.appium.java_client.AppiumDriver.findElement(AppiumDriver.java:1)
at io.appium.java_client.windows.WindowsDriver.findElement(WindowsDriver.java:1)
at org.openqa.selenium.remote.RemoteWebDriver.findElementByXPath(RemoteWebDriver.java:428)
at io.appium.java_client.DefaultGenericMobileDriver.findElementByXPath(DefaultGenericMobileDriver.java:151)
at io.appium.java_client.AppiumDriver.findElementByXPath(AppiumDriver.java:1)
at io.appium.java_client.windows.WindowsDriver.findElementByXPath(WindowsDriver.java:1)
at org.openqa.selenium.By$ByXPath.findElement(By.java:353)
at org.openqa.selenium.remote.RemoteWebDriver.findElement(RemoteWebDriver.java:315)
at io.appium.java_client.DefaultGenericMobileDriver.findElement(DefaultGenericMobileDriver.java:57)
at io.appium.java_client.AppiumDriver.findElement(AppiumDriver.java:1)
at io.appium.java_client.windows.WindowsDriver.findElement(WindowsDriver.java:1)
at com.krystal.project.ReferenceSigin.ServiceLogin(ReferenceSigin.java:43)
at com.krystal.project.SystemInformation.setUp1(SystemInformation.java:38)
at java.base/jdk.internal.reflect.DirectMethodHandleAccessor.invoke(DirectMethodHandleAccessor.java:104)
at java.base/java.lang.reflect.Method.invoke(Method.java:578)
at org.testng.internal.MethodInvocationHelper.invokeMethod(MethodInvocationHelper.java:133)
at org.testng.internal.MethodInvocationHelper.invokeMethodConsideringTimeout(MethodInvocationHelper.java:62)
at org.testng.internal.ConfigInvoker.invokeConfigurationMethod(ConfigInvoker.java:385)
at org.testng.internal.ConfigInvoker.invokeConfigurations(ConfigInvoker.java:321)
at org.testng.internal.TestMethodWorker.invokeBeforeClassMethods(TestMethodWorker.java:176)
at org.testng.internal.TestMethodWorker.run(TestMethodWorker.java:122)
at java.base/java.util.ArrayList.forEach(ArrayList.java:1511)
at org.testng.TestRunner.privateRun(TestRunner.java:794)
at org.testng.TestRunner.run(TestRunner.java:596)
at org.testng.SuiteRunner.runTest(SuiteRunner.java:377)
at org.testng.SuiteRunner.runSequentially(SuiteRunner.java:371)
at org.testng.SuiteRunner.privateRun(SuiteRunner.java:332)
at org.testng.SuiteRunner.run(SuiteRunner.java:276)
at org.testng.SuiteRunnerWorker.runSuite(SuiteRunnerWorker.java:53)
at org.testng.SuiteRunnerWorker.run(SuiteRunnerWorker.java:96)
at org.testng.TestNG.runSuitesSequentially(TestNG.java:1212)
at org.testng.TestNG.runSuitesLocally(TestNG.java:1134)
at org.testng.TestNG.runSuites(TestNG.java:1063)
at org.testng.TestNG.run(TestNG.java:1031)
at org.testng.remote.AbstractRemoteTestNG.run(AbstractRemoteTestNG.java:115)
at org.testng.remote.RemoteTestNG.initAndRun(RemoteTestNG.java:251)
at org.testng.remote.RemoteTestNG.main(RemoteTestNG.java:77)
]]>
    </error>
  </testcase> <!-- setUp1 -->
  <system-out/>
  <testcase classname="com.krystal.project.SystemInformation" name="Systeminformation" time="0.000">
    <skipped/>
  </testcase> <!-- Systeminformation -->
  <system-out/>
  <testcase classname="com.krystal.project.SystemInformation" name="Computername" time="0.000">
    <skipped/>
  </testcase> <!-- Computername -->
  <system-out/>
  <testcase classname="com.krystal.project.SystemInformation" name="Windowsedition" time="0.000">
    <skipped/>
  </testcase> <!-- Windowsedition -->
  <system-out/>
  <testcase classname="com.krystal.project.SystemInformation" name="Operatingsystem" time="0.000">
    <skipped/>
  </testcase> <!-- Operatingsystem -->
  <system-out/>
  <testcase classname="com.krystal.project.SystemInformation" name="Osversion" time="0.000">
    <skipped/>
  </testcase> <!-- Osversion -->
  <system-out/>
  <testcase classname="com.krystal.project.SystemInformation" name="Osbuild" time="0.000">
    <skipped/>
  </testcase> <!-- Osbuild -->
  <system-out/>
  <testcase classname="com.krystal.project.SystemInformation" name="Installedon" time="0.000">
    <skipped/>
  </testcase> <!-- Installedon -->
  <system-out/>
  <testcase classname="com.krystal.project.SystemInformation" name="Systemdirectory" time="0.000">
    <skipped/>
  </testcase> <!-- Systemdirectory -->
  <system-out/>
  <testcase classname="com.krystal.project.SystemInformation" name="Systemlanguage" time="0.000">
    <skipped/>
  </testcase> <!-- Systemlanguage -->
  <system-out/>
  <testcase classname="com.krystal.project.SystemInformation" name="Userdomainname" time="0.000">
    <skipped/>
  </testcase> <!-- Userdomainname -->
  <system-out/>
  <testcase classname="com.krystal.project.SystemInformation" name="Ram" time="0.000">
    <skipped/>
  </testcase> <!-- Ram -->
  <system-out/>
  <testcase classname="com.krystal.project.SystemInformation" name="graphiccard" time="0.000">
    <skipped/>
  </testcase> <!-- graphiccard -->
  <system-out/>
  <testcase classname="com.krystal.project.SystemInformation" name="processortype" time="0.000">
    <skipped/>
  </testcase> <!-- processortype -->
  <system-out/>
  <testcase classname="com.krystal.project.SystemInformation" name="Machineserialnumber" time="0.000">
    <skipped/>
  </testcase> <!-- Machineserialnumber -->
  <system-out/>
  <testcase classname="com.krystal.project.SystemInformation" name="Applicationinstalledpath" time="0.000">
    <skipped/>
  </testcase> <!-- Applicationinstalledpath -->
  <system-out/>
  <testcase classname="com.krystal.project.SystemInformation" name="ipaddress" time="0.000">
    <skipped/>
  </testcase> <!-- ipaddress -->
  <system-out/>
  <testcase classname="com.krystal.project.SystemInformation" name="Diskpartiton" time="0.000">
    <skipped/>
  </testcase> <!-- Diskpartiton -->
  <system-out/>
  <testcase classname="com.krystal.project.SystemInformation" name="Cdrive" time="0.000">
    <skipped/>
  </testcase> <!-- Cdrive -->
  <system-out/>
  <testcase classname="com.krystal.project.SystemInformation" name="Ddrive" time="0.000">
    <skipped/>
  </testcase> <!-- Ddrive -->
  <system-out/>
  <testcase classname="com.krystal.project.SystemInformation" name="Databasename" time="0.000">
    <skipped/>
  </testcase> <!-- Databasename -->
  <system-out/>
  <testcase classname="com.krystal.project.SystemInformation" name="Version" time="0.000">
    <skipped/>
  </testcase> <!-- Version -->
  <system-out/>
  <testcase classname="com.krystal.project.SystemInformation" name="Configurationpath" time="0.000">
    <skipped/>
  </testcase> <!-- Configurationpath -->
  <system-out/>
  <testcase classname="com.krystal.project.SystemInformation" name="ccbtreatment" time="0.000">
    <skipped/>
  </testcase> <!-- ccbtreatment -->
  <system-out/>
  <testcase classname="com.krystal.project.SystemInformation" name="impactfactorysetting" time="0.000">
    <skipped/>
  </testcase> <!-- impactfactorysetting -->
  <system-out/>
  <testcase classname="com.krystal.project.SystemInformation" name="Offlinesettings" time="0.000">
    <skipped/>
  </testcase> <!-- Offlinesettings -->
  <system-out/>
  <testcase classname="com.krystal.project.SystemInformation" name="Offlinesiddharthhospital" time="0.000">
    <skipped/>
  </testcase> <!-- Offlinesiddharthhospital -->
  <system-out/>
  <testcase classname="com.krystal.project.SystemInformation" name="Offlinesiddhartofflinernv" time="0.000">
    <skipped/>
  </testcase> <!-- Offlinesiddhartofflinernv -->
  <system-out/>
  <testcase classname="com.krystal.project.SystemInformation" name="Temptreatment" time="0.000">
    <skipped/>
  </testcase> <!-- Temptreatment -->
  <system-out/>
  <testcase classname="com.krystal.project.SystemInformation" name="Machineqa" time="0.000">
    <skipped/>
  </testcase> <!-- Machineqa -->
  <system-out/>
  <testcase classname="com.krystal.project.SystemInformation" name="Hospitalinformation" time="0.000">
    <skipped/>
  </testcase> <!-- Hospitalinformation -->
  <system-out/>
  <testcase classname="com.krystal.project.SystemInformation" name="PateintQA" time="0.000">
    <skipped/>
  </testcase> <!-- PateintQA -->
  <system-out/>
  <testcase classname="com.krystal.project.SystemInformation" name="AuditLog" time="0.000">
    <skipped/>
  </testcase> <!-- AuditLog -->
  <system-out/>
  <testcase classname="com.krystal.project.SystemInformation" name="Languagetranslator" time="0.000">
    <skipped/>
  </testcase> <!-- Languagetranslator -->
  <system-out/>
  <testcase classname="com.krystal.project.SystemInformation" name="Hospitalname" time="0.000">
    <skipped/>
  </testcase> <!-- Hospitalname -->
  <system-out/>
  <testcase classname="com.krystal.project.SystemInformation" name="Hospitaladdress" time="0.000">
    <skipped/>
  </testcase> <!-- Hospitaladdress -->
  <system-out/>
  <testcase classname="com.krystal.project.SystemInformation" name="Username" time="0.000">
    <skipped/>
  </testcase> <!-- Username -->
  <system-out/>
  <testcase classname="com.krystal.project.SystemInformation" name="Licenseddatetime" time="0.000">
    <skipped/>
  </testcase> <!-- Licenseddatetime -->
  <system-out/>
  <testcase classname="com.krystal.project.SystemInformation" name="Contactnumber" time="0.000">
    <skipped/>
  </testcase> <!-- Contactnumber -->
  <system-out/>
  <testcase classname="com.krystal.project.SystemInformation" name="ExportData" time="0.000">
    <skipped/>
  </testcase> <!-- ExportData -->
  <system-out/>
  <testcase classname="com.krystal.project.SystemInformation" name="Export" time="0.000">
    <skipped/>
  </testcase> <!-- Export -->
  <system-out/>
</testsuite> <!-- com.krystal.project.SystemInformation -->
