<?xml version="1.0" encoding="UTF-8"?>
<!-- Generated by org.testng.reporters.JUnitReportReporter -->
<testsuite hostname="IT-00328-CPU" failures="0" tests="42" name="com.krystal.project.GeneratorSettingsTest" time="0.407" errors="1" timestamp="2023-11-30T18:10:00 IST" skipped="41">
  <testcase classname="com.krystal.project.GeneratorSettingsTest" name="setUp1" time="0.407">
    <error message="An element could not be located on the page using the given search parameters. (WARNING: The server did not provide any stacktrace information)
Command duration or timeout: 0 milliseconds
For documentation on this error, please visit: https://www.seleniumhq.org/exceptions/no_such_element.html
Build info: version: &#039;3.141.59&#039;, revision: &#039;e82be7d358&#039;, time: &#039;2018-11-14T08:17:03&#039;
System info: host: &#039;IT-00328-CPU&#039;, ip: &#039;192.168.11.18&#039;, os.name: &#039;Windows 10&#039;, os.arch: &#039;amd64&#039;, os.version: &#039;10.0&#039;, java.version: &#039;20&#039;
Driver info: io.appium.java_client.windows.WindowsDriver
Capabilities {app: C:\Program Files\Panacea Me..., javascriptEnabled: true, platform: WINDOWS, platformName: Windows}
Session ID: 5FA0E04E-CFE1-45F9-946B-39610FD69B7D
*** Element info: {Using=xpath, value=//Window[@ClassName=&quot;Window&quot;][@Name=&quot;Krystal&quot;]/Custom[@ClassName=&quot;SignInView&quot;]/Edit[@AutomationId=&quot;TxtbxUsername&quot;]}" type="org.openqa.selenium.NoSuchElementException">
      <![CDATA[org.openqa.selenium.NoSuchElementException: An element could not be located on the page using the given search parameters. (WARNING: The server did not provide any stacktrace information)
Command duration or timeout: 0 milliseconds
For documentation on this error, please visit: https://www.seleniumhq.org/exceptions/no_such_element.html
Build info: version: '3.141.59', revision: 'e82be7d358', time: '2018-11-14T08:17:03'
System info: host: 'IT-00328-CPU', ip: '192.168.11.18', os.name: 'Windows 10', os.arch: 'amd64', os.version: '10.0', java.version: '20'
Driver info: io.appium.java_client.windows.WindowsDriver
Capabilities {app: C:\Program Files\Panacea Me..., javascriptEnabled: true, platform: WINDOWS, platformName: Windows}
Session ID: 5FA0E04E-CFE1-45F9-946B-39610FD69B7D
*** Element info: {Using=xpath, value=//Window[@ClassName="Window"][@Name="Krystal"]/Custom[@ClassName="SignInView"]/Edit[@AutomationId="TxtbxUsername"]}
at java.base/jdk.internal.reflect.DirectConstructorHandleAccessor.newInstance(DirectConstructorHandleAccessor.java:67)
at java.base/java.lang.reflect.Constructor.newInstanceWithCaller(Constructor.java:500)
at java.base/java.lang.reflect.Constructor.newInstance(Constructor.java:484)
at org.openqa.selenium.remote.ErrorHandler.createThrowable(ErrorHandler.java:214)
at org.openqa.selenium.remote.ErrorHandler.throwIfResponseFailed(ErrorHandler.java:166)
at org.openqa.selenium.remote.http.JsonHttpResponseCodec.reconstructValue(JsonHttpResponseCodec.java:40)
at org.openqa.selenium.remote.http.AbstractHttpResponseCodec.decode(AbstractHttpResponseCodec.java:80)
at org.openqa.selenium.remote.http.AbstractHttpResponseCodec.decode(AbstractHttpResponseCodec.java:44)
at org.openqa.selenium.remote.HttpCommandExecutor.execute(HttpCommandExecutor.java:158)
at io.appium.java_client.remote.AppiumCommandExecutor.execute(AppiumCommandExecutor.java:250)
at org.openqa.selenium.remote.RemoteWebDriver.execute(RemoteWebDriver.java:552)
at io.appium.java_client.DefaultGenericMobileDriver.execute(DefaultGenericMobileDriver.java:41)
at io.appium.java_client.AppiumDriver.execute(AppiumDriver.java:1)
at io.appium.java_client.windows.WindowsDriver.execute(WindowsDriver.java:1)
at org.openqa.selenium.remote.RemoteWebDriver.findElement(RemoteWebDriver.java:323)
at io.appium.java_client.DefaultGenericMobileDriver.findElement(DefaultGenericMobileDriver.java:61)
at io.appium.java_client.AppiumDriver.findElement(AppiumDriver.java:1)
at io.appium.java_client.windows.WindowsDriver.findElement(WindowsDriver.java:1)
at org.openqa.selenium.remote.RemoteWebDriver.findElementByXPath(RemoteWebDriver.java:428)
at io.appium.java_client.DefaultGenericMobileDriver.findElementByXPath(DefaultGenericMobileDriver.java:151)
at io.appium.java_client.AppiumDriver.findElementByXPath(AppiumDriver.java:1)
at io.appium.java_client.windows.WindowsDriver.findElementByXPath(WindowsDriver.java:1)
at org.openqa.selenium.By$ByXPath.findElement(By.java:353)
at org.openqa.selenium.remote.RemoteWebDriver.findElement(RemoteWebDriver.java:315)
at io.appium.java_client.DefaultGenericMobileDriver.findElement(DefaultGenericMobileDriver.java:57)
at io.appium.java_client.AppiumDriver.findElement(AppiumDriver.java:1)
at io.appium.java_client.windows.WindowsDriver.findElement(WindowsDriver.java:1)
at com.krystal.project.GeneratorSettingsTest.navigation(GeneratorSettingsTest.java:48)
at com.krystal.project.GeneratorSettingsTest.setUp1(GeneratorSettingsTest.java:42)
at java.base/jdk.internal.reflect.DirectMethodHandleAccessor.invoke(DirectMethodHandleAccessor.java:104)
at java.base/java.lang.reflect.Method.invoke(Method.java:578)
at org.testng.internal.MethodInvocationHelper.invokeMethod(MethodInvocationHelper.java:133)
at org.testng.internal.MethodInvocationHelper.invokeMethodConsideringTimeout(MethodInvocationHelper.java:62)
at org.testng.internal.ConfigInvoker.invokeConfigurationMethod(ConfigInvoker.java:385)
at org.testng.internal.ConfigInvoker.invokeConfigurations(ConfigInvoker.java:321)
at org.testng.internal.TestMethodWorker.invokeBeforeClassMethods(TestMethodWorker.java:176)
at org.testng.internal.TestMethodWorker.run(TestMethodWorker.java:122)
at java.base/java.util.ArrayList.forEach(ArrayList.java:1511)
at org.testng.TestRunner.privateRun(TestRunner.java:794)
at org.testng.TestRunner.run(TestRunner.java:596)
at org.testng.SuiteRunner.runTest(SuiteRunner.java:377)
at org.testng.SuiteRunner.runSequentially(SuiteRunner.java:371)
at org.testng.SuiteRunner.privateRun(SuiteRunner.java:332)
at org.testng.SuiteRunner.run(SuiteRunner.java:276)
at org.testng.SuiteRunnerWorker.runSuite(SuiteRunnerWorker.java:53)
at org.testng.SuiteRunnerWorker.run(SuiteRunnerWorker.java:96)
at org.testng.TestNG.runSuitesSequentially(TestNG.java:1212)
at org.testng.TestNG.runSuitesLocally(TestNG.java:1134)
at org.testng.TestNG.runSuites(TestNG.java:1063)
at org.testng.TestNG.run(TestNG.java:1031)
at org.testng.remote.AbstractRemoteTestNG.run(AbstractRemoteTestNG.java:115)
at org.testng.remote.RemoteTestNG.initAndRun(RemoteTestNG.java:251)
at org.testng.remote.RemoteTestNG.main(RemoteTestNG.java:77)
]]>
    </error>
  </testcase> <!-- setUp1 -->
  <system-out/>
  <testcase classname="com.krystal.project.GeneratorSettingsTest" name="ToverifygeneratorsettingsLabel" time="0.000">
    <skipped/>
  </testcase> <!-- ToverifygeneratorsettingsLabel -->
  <system-out/>
  <testcase classname="com.krystal.project.GeneratorSettingsTest" name="ToverifyselectmachineLabel" time="0.000">
    <skipped/>
  </testcase> <!-- ToverifyselectmachineLabel -->
  <system-out/>
  <testcase classname="com.krystal.project.GeneratorSettingsTest" name="ToverifymaximummaslimitLabel" time="0.000">
    <skipped/>
  </testcase> <!-- ToverifymaximummaslimitLabel -->
  <system-out/>
  <testcase classname="com.krystal.project.GeneratorSettingsTest" name="ToverifyGeneratorLimitataions" time="0.000">
    <skipped/>
  </testcase> <!-- ToverifyGeneratorLimitataions -->
  <system-out/>
  <testcase classname="com.krystal.project.GeneratorSettingsTest" name="ToverifymaximumkwlimitLabel" time="0.000">
    <skipped/>
  </testcase> <!-- ToverifymaximumkwlimitLabel -->
  <system-out/>
  <testcase classname="com.krystal.project.GeneratorSettingsTest" name="ToverifymsRange" time="0.000">
    <skipped/>
  </testcase> <!-- ToverifymsRange -->
  <system-out/>
  <testcase classname="com.krystal.project.GeneratorSettingsTest" name="MinmsRange" time="0.000">
    <skipped/>
  </testcase> <!-- MinmsRange -->
  <system-out/>
  <testcase classname="com.krystal.project.GeneratorSettingsTest" name="MaxmsRange" time="0.000">
    <skipped/>
  </testcase> <!-- MaxmsRange -->
  <system-out/>
  <testcase classname="com.krystal.project.GeneratorSettingsTest" name="ToverifyradiographickvrangeLabel" time="0.000">
    <skipped/>
  </testcase> <!-- ToverifyradiographickvrangeLabel -->
  <system-out/>
  <testcase classname="com.krystal.project.GeneratorSettingsTest" name="ToverifyminimumkvLabel" time="0.000">
    <skipped/>
  </testcase> <!-- ToverifyminimumkvLabel -->
  <system-out/>
  <testcase classname="com.krystal.project.GeneratorSettingsTest" name="ToverifymaximumkvLabel" time="0.000">
    <skipped/>
  </testcase> <!-- ToverifymaximumkvLabel -->
  <system-out/>
  <testcase classname="com.krystal.project.GeneratorSettingsTest" name="ToverifykvstepsLabel" time="0.000">
    <skipped/>
  </testcase> <!-- ToverifykvstepsLabel -->
  <system-out/>
  <testcase classname="com.krystal.project.GeneratorSettingsTest" name="ToverifycbctkvrangeLabel" time="0.000">
    <skipped/>
  </testcase> <!-- ToverifycbctkvrangeLabel -->
  <system-out/>
  <testcase classname="com.krystal.project.GeneratorSettingsTest" name="ToverifycbctminimumkvLabel" time="0.000">
    <skipped/>
  </testcase> <!-- ToverifycbctminimumkvLabel -->
  <system-out/>
  <testcase classname="com.krystal.project.GeneratorSettingsTest" name="ToverifycbctmaximumkvLabel" time="0.000">
    <skipped/>
  </testcase> <!-- ToverifycbctmaximumkvLabel -->
  <system-out/>
  <testcase classname="com.krystal.project.GeneratorSettingsTest" name="ToverifycbctkvLabel" time="0.000">
    <skipped/>
  </testcase> <!-- ToverifycbctkvLabel -->
  <system-out/>
  <testcase classname="com.krystal.project.GeneratorSettingsTest" name="Xraytubespec" time="0.000">
    <skipped/>
  </testcase> <!-- Xraytubespec -->
  <system-out/>
  <testcase classname="com.krystal.project.GeneratorSettingsTest" name="Xraytube" time="0.000">
    <skipped/>
  </testcase> <!-- Xraytube -->
  <system-out/>
  <testcase classname="com.krystal.project.GeneratorSettingsTest" name="ToverifymasettingsLabel" time="0.000">
    <skipped/>
  </testcase> <!-- ToverifymasettingsLabel -->
  <system-out/>
  <testcase classname="com.krystal.project.GeneratorSettingsTest" name="ToverifyeditmasettingsLabel" time="0.000">
    <skipped/>
  </testcase> <!-- ToverifyeditmasettingsLabel -->
  <system-out/>
  <testcase classname="com.krystal.project.GeneratorSettingsTest" name="ToverifyupdatemasettingsLabel" time="0.000">
    <skipped/>
  </testcase> <!-- ToverifyupdatemasettingsLabel -->
  <system-out/>
  <testcase classname="com.krystal.project.GeneratorSettingsTest" name="ToverifycancelmasettingsLabel" time="0.000">
    <skipped/>
  </testcase> <!-- ToverifycancelmasettingsLabel -->
  <system-out/>
  <testcase classname="com.krystal.project.GeneratorSettingsTest" name="ToverifymssettingsLabel" time="0.000">
    <skipped/>
  </testcase> <!-- ToverifymssettingsLabel -->
  <system-out/>
  <testcase classname="com.krystal.project.GeneratorSettingsTest" name="ToverifyeditmssettingsLabel" time="0.000">
    <skipped/>
  </testcase> <!-- ToverifyeditmssettingsLabel -->
  <system-out/>
  <testcase classname="com.krystal.project.GeneratorSettingsTest" name="ToverifyupdatemssettingsLabel" time="0.000">
    <skipped/>
  </testcase> <!-- ToverifyupdatemssettingsLabel -->
  <system-out/>
  <testcase classname="com.krystal.project.GeneratorSettingsTest" name="ToverifycancelmssettingsLabel" time="0.000">
    <skipped/>
  </testcase> <!-- ToverifycancelmssettingsLabel -->
  <system-out/>
  <testcase classname="com.krystal.project.GeneratorSettingsTest" name="ToverifyframerateLabel" time="0.000">
    <skipped/>
  </testcase> <!-- ToverifyframerateLabel -->
  <system-out/>
  <testcase classname="com.krystal.project.GeneratorSettingsTest" name="ToverifyeditframesettingsLabel" time="0.000">
    <skipped/>
  </testcase> <!-- ToverifyeditframesettingsLabel -->
  <system-out/>
  <testcase classname="com.krystal.project.GeneratorSettingsTest" name="ToverifyupdateframesettingsLabel" time="0.000">
    <skipped/>
  </testcase> <!-- ToverifyupdateframesettingsLabel -->
  <system-out/>
  <testcase classname="com.krystal.project.GeneratorSettingsTest" name="ToverifycancelframesettingsLabel" time="0.000">
    <skipped/>
  </testcase> <!-- ToverifycancelframesettingsLabel -->
  <system-out/>
  <testcase classname="com.krystal.project.GeneratorSettingsTest" name="Save" time="0.000">
    <skipped/>
  </testcase> <!-- Save -->
  <system-out/>
  <testcase classname="com.krystal.project.GeneratorSettingsTest" name="Invalidchars" time="0.000">
    <skipped/>
  </testcase> <!-- Invalidchars -->
  <system-out/>
  <testcase classname="com.krystal.project.GeneratorSettingsTest" name="InvalidRangeAngle" time="0.000">
    <skipped/>
  </testcase> <!-- InvalidRangeAngle -->
  <system-out/>
  <testcase classname="com.krystal.project.GeneratorSettingsTest" name="MingreaterRange" time="0.000">
    <skipped/>
  </testcase> <!-- MingreaterRange -->
  <system-out/>
  <testcase classname="com.krystal.project.GeneratorSettingsTest" name="BothequalRange" time="0.000">
    <skipped/>
  </testcase> <!-- BothequalRange -->
  <system-out/>
  <testcase classname="com.krystal.project.GeneratorSettingsTest" name="ValidRange" time="0.000">
    <skipped/>
  </testcase> <!-- ValidRange -->
  <system-out/>
  <testcase classname="com.krystal.project.GeneratorSettingsTest" name="editdisable" time="0.000">
    <skipped/>
  </testcase> <!-- editdisable -->
  <system-out/>
  <testcase classname="com.krystal.project.GeneratorSettingsTest" name="Updatebutton" time="0.000">
    <skipped/>
  </testcase> <!-- Updatebutton -->
  <system-out/>
  <testcase classname="com.krystal.project.GeneratorSettingsTest" name="UpdateCancel" time="0.000">
    <skipped/>
  </testcase> <!-- UpdateCancel -->
  <system-out/>
  <testcase classname="com.krystal.project.GeneratorSettingsTest" name="UpdateOK" time="0.000">
    <skipped/>
  </testcase> <!-- UpdateOK -->
  <system-out/>
  <testcase classname="com.krystal.project.GeneratorSettingsTest" name="UpdateeditValid" time="0.000">
    <skipped/>
  </testcase> <!-- UpdateeditValid -->
  <system-out/>
</testsuite> <!-- com.krystal.project.GeneratorSettingsTest -->
