<?xml version="1.0" encoding="UTF-8"?>
<!-- Generated by org.testng.reporters.JUnitReportReporter -->
<testsuite hostname="IT-00328-CPU" failures="0" tests="52" name="com.krystal.project.APRSettings" time="759.840" errors="3" timestamp="2023-11-23T16:28:06 IST" skipped="0">
  <testcase classname="com.krystal.project.APRSettings" name="GeneralSettings" time="0.350"/>
  <system-out/>
  <testcase classname="com.krystal.project.APRSettings" name="Aprconfiguration" time="0.558"/>
  <system-out/>
  <testcase classname="com.krystal.project.APRSettings" name="Aprid" time="0.983"/>
  <system-out/>
  <testcase classname="com.krystal.project.APRSettings" name="Aprsitelist" time="0.580"/>
  <system-out/>
  <testcase classname="com.krystal.project.APRSettings" name="Edit" time="0.486">
    <error message="D:\Help\APR\Edit.PNG: (30x31) in R[0,0 1920x1200]@S(0)" type="org.sikuli.script.FindFailed">
      <![CDATA[FindFailed: D:\Help\APR\Edit.PNG: (30x31) in R[0,0 1920x1200]@S(0)
  Line 2291, in file Region.java

at org.sikuli.script.Region.find(Region.java:2291)
at com.krystal.project.APRSettings.Roleconfig(APRSettings.java:515)
at com.krystal.project.APRSettings.Edit(APRSettings.java:481)
at java.base/jdk.internal.reflect.DirectMethodHandleAccessor.invoke(DirectMethodHandleAccessor.java:104)
at java.base/java.lang.reflect.Method.invoke(Method.java:578)
at org.testng.internal.MethodInvocationHelper.invokeMethod(MethodInvocationHelper.java:133)
at org.testng.internal.TestInvoker.invokeMethod(TestInvoker.java:598)
at org.testng.internal.TestInvoker.invokeTestMethod(TestInvoker.java:173)
at org.testng.internal.MethodRunner.runInSequence(MethodRunner.java:46)
at org.testng.internal.TestInvoker$MethodInvocationAgent.invoke(TestInvoker.java:824)
at org.testng.internal.TestInvoker.invokeTestMethods(TestInvoker.java:146)
at org.testng.internal.TestMethodWorker.invokeTestMethods(TestMethodWorker.java:146)
at org.testng.internal.TestMethodWorker.run(TestMethodWorker.java:128)
at java.base/java.util.ArrayList.forEach(ArrayList.java:1511)
at org.testng.TestRunner.privateRun(TestRunner.java:794)
at org.testng.TestRunner.run(TestRunner.java:596)
at org.testng.SuiteRunner.runTest(SuiteRunner.java:377)
at org.testng.SuiteRunner.runSequentially(SuiteRunner.java:371)
at org.testng.SuiteRunner.privateRun(SuiteRunner.java:332)
at org.testng.SuiteRunner.run(SuiteRunner.java:276)
at org.testng.SuiteRunnerWorker.runSuite(SuiteRunnerWorker.java:53)
at org.testng.SuiteRunnerWorker.run(SuiteRunnerWorker.java:96)
at org.testng.TestNG.runSuitesSequentially(TestNG.java:1212)
at org.testng.TestNG.runSuitesLocally(TestNG.java:1134)
at org.testng.TestNG.runSuites(TestNG.java:1063)
at org.testng.TestNG.run(TestNG.java:1031)
at org.testng.remote.AbstractRemoteTestNG.run(AbstractRemoteTestNG.java:115)
at org.testng.remote.RemoteTestNG.initAndRun(RemoteTestNG.java:251)
at org.testng.remote.RemoteTestNG.main(RemoteTestNG.java:77)
]]>
    </error>
  </testcase> <!-- Edit -->
  <system-out/>
  <testcase classname="com.krystal.project.APRSettings" name="Site11" time="0.890"/>
  <system-out/>
  <testcase classname="com.krystal.project.APRSettings" name="Head" time="0.880"/>
  <system-out/>
  <testcase classname="com.krystal.project.APRSettings" name="databaseconnectionEdit" time="0.128"/>
  <system-out/>
  <testcase classname="com.krystal.project.APRSettings" name="Aprimagingtype" time="0.388"/>
  <system-out/>
  <testcase classname="com.krystal.project.APRSettings" name="Imagingtype" time="0.916"/>
  <system-out/>
  <testcase classname="com.krystal.project.APRSettings" name="Aprlat" time="1.594"/>
  <system-out/>
  <testcase classname="com.krystal.project.APRSettings" name="Apllat" time="1.676"/>
  <system-out/>
  <testcase classname="com.krystal.project.APRSettings" name="Parlat" time="1.640"/>
  <system-out/>
  <testcase classname="com.krystal.project.APRSettings" name="Pallat" time="1.676"/>
  <system-out/>
  <testcase classname="com.krystal.project.APRSettings" name="Stereocustom" time="1.692"/>
  <system-out/>
  <testcase classname="com.krystal.project.APRSettings" name="Aprpatientsize" time="0.620"/>
  <system-out/>
  <testcase classname="com.krystal.project.APRSettings" name="Patientsize" time="0.880"/>
  <system-out/>
  <testcase classname="com.krystal.project.APRSettings" name="Paediatric" time="1.772"/>
  <system-out/>
  <testcase classname="com.krystal.project.APRSettings" name="Small" time="1.818"/>
  <system-out/>
  <testcase classname="com.krystal.project.APRSettings" name="Medium" time="1.873"/>
  <system-out/>
  <testcase classname="com.krystal.project.APRSettings" name="Large" time="1.881"/>
  <system-out/>
  <testcase classname="com.krystal.project.APRSettings" name="kv" time="0.895"/>
  <system-out/>
  <testcase classname="com.krystal.project.APRSettings" name="ma" time="2.152"/>
  <system-out/>
  <testcase classname="com.krystal.project.APRSettings" name="ms1" time="2.116"/>
  <system-out/>
  <testcase classname="com.krystal.project.APRSettings" name="Dosecgy" time="1.220"/>
  <system-out/>
  <testcase classname="com.krystal.project.APRSettings" name="Aprlist" time="0.694"/>
  <system-out/>
  <testcase classname="com.krystal.project.APRSettings" name="Selectmachine" time="0.903"/>
  <system-out/>
  <testcase classname="com.krystal.project.APRSettings" name="Searchaprid" time="2.168"/>
  <system-out/>
  <testcase classname="com.krystal.project.APRSettings" name="Aprid1" time="1.004"/>
  <system-out/>
  <testcase classname="com.krystal.project.APRSettings" name="Createddate" time="1.954"/>
  <system-out/>
  <testcase classname="com.krystal.project.APRSettings" name="modifieddate" time="1.983"/>
  <system-out/>
  <testcase classname="com.krystal.project.APRSettings" name="databaseconnectionemptycheck" time="0.018"/>
  <system-out/>
  <testcase classname="com.krystal.project.APRSettings" name="APRSmall" time="171.089"/>
  <system-out/>
  <testcase classname="com.krystal.project.APRSettings" name="databaseconnectionExceution" time="0.021"/>
  <system-out/>
  <testcase classname="com.krystal.project.APRSettings" name="View" time="1.328"/>
  <system-out/>
  <testcase classname="com.krystal.project.APRSettings" name="SlNo" time="1.192"/>
  <system-out/>
  <testcase classname="com.krystal.project.APRSettings" name="Site1" time="1.210"/>
  <system-out/>
  <testcase classname="com.krystal.project.APRSettings" name="ImagingType" time="1.240"/>
  <system-out/>
  <testcase classname="com.krystal.project.APRSettings" name="PatientSize1" time="1.234"/>
  <system-out/>
  <testcase classname="com.krystal.project.APRSettings" name="kv1" time="1.240"/>
  <system-out/>
  <testcase classname="com.krystal.project.APRSettings" name="mA1" time="1.240"/>
  <system-out/>
  <testcase classname="com.krystal.project.APRSettings" name="ms2" time="1.255"/>
  <system-out/>
  <testcase classname="com.krystal.project.APRSettings" name="Dose" time="1.268"/>
  <system-out/>
  <testcase classname="com.krystal.project.APRSettings" name="Doseindication" time="0.438"/>
  <system-out/>
  <testcase classname="com.krystal.project.APRSettings" name="viewdataget1" time="14.704"/>
  <system-out/>
  <testcase classname="com.krystal.project.APRSettings" name="search" time="2.960"/>
  <system-out/>
  <testcase classname="com.krystal.project.APRSettings" name="APRtestboxadd" time="6.187"/>
  <system-out/>
  <testcase classname="com.krystal.project.APRSettings" name="APRtestboxrefersh" time="6.233"/>
  <system-out/>
  <testcase classname="com.krystal.project.APRSettings" name="delete" time="10.317"/>
  <system-out/>
  <testcase classname="com.krystal.project.APRSettings" name="databaseconnectiondeleted" time="0.016"/>
  <system-out/>
  <testcase classname="com.krystal.project.APRSettings" name="APRlarge" time="498.058">
    <error message="An element could not be located on the page using the given search parameters. (WARNING: The server did not provide any stacktrace information)
Command duration or timeout: 0 milliseconds
For documentation on this error, please visit: https://www.seleniumhq.org/exceptions/no_such_element.html
Build info: version: &#039;3.141.59&#039;, revision: &#039;e82be7d358&#039;, time: &#039;2018-11-14T08:17:03&#039;
System info: host: &#039;IT-00328-CPU&#039;, ip: &#039;192.168.11.18&#039;, os.name: &#039;Windows 10&#039;, os.arch: &#039;amd64&#039;, os.version: &#039;10.0&#039;, java.version: &#039;20&#039;
Driver info: io.appium.java_client.windows.WindowsDriver
Capabilities {app: C:\Program Files\Panacea Me..., javascriptEnabled: true, platform: WINDOWS, platformName: Windows}
Session ID: 668BCF6D-AE2B-4C41-AE9F-9FE32CBE7FE6
*** Element info: {Using=name, value=SAVE}" type="org.openqa.selenium.NoSuchElementException">
      <![CDATA[org.openqa.selenium.NoSuchElementException: An element could not be located on the page using the given search parameters. (WARNING: The server did not provide any stacktrace information)
Command duration or timeout: 0 milliseconds
For documentation on this error, please visit: https://www.seleniumhq.org/exceptions/no_such_element.html
Build info: version: '3.141.59', revision: 'e82be7d358', time: '2018-11-14T08:17:03'
System info: host: 'IT-00328-CPU', ip: '192.168.11.18', os.name: 'Windows 10', os.arch: 'amd64', os.version: '10.0', java.version: '20'
Driver info: io.appium.java_client.windows.WindowsDriver
Capabilities {app: C:\Program Files\Panacea Me..., javascriptEnabled: true, platform: WINDOWS, platformName: Windows}
Session ID: 668BCF6D-AE2B-4C41-AE9F-9FE32CBE7FE6
*** Element info: {Using=name, value=SAVE}
at java.base/jdk.internal.reflect.DirectConstructorHandleAccessor.newInstance(DirectConstructorHandleAccessor.java:67)
at java.base/java.lang.reflect.Constructor.newInstanceWithCaller(Constructor.java:500)
at java.base/java.lang.reflect.Constructor.newInstance(Constructor.java:484)
at org.openqa.selenium.remote.ErrorHandler.createThrowable(ErrorHandler.java:214)
at org.openqa.selenium.remote.ErrorHandler.throwIfResponseFailed(ErrorHandler.java:166)
at org.openqa.selenium.remote.http.JsonHttpResponseCodec.reconstructValue(JsonHttpResponseCodec.java:40)
at org.openqa.selenium.remote.http.AbstractHttpResponseCodec.decode(AbstractHttpResponseCodec.java:80)
at org.openqa.selenium.remote.http.AbstractHttpResponseCodec.decode(AbstractHttpResponseCodec.java:44)
at org.openqa.selenium.remote.HttpCommandExecutor.execute(HttpCommandExecutor.java:158)
at io.appium.java_client.remote.AppiumCommandExecutor.execute(AppiumCommandExecutor.java:250)
at org.openqa.selenium.remote.RemoteWebDriver.execute(RemoteWebDriver.java:552)
at io.appium.java_client.DefaultGenericMobileDriver.execute(DefaultGenericMobileDriver.java:41)
at io.appium.java_client.AppiumDriver.execute(AppiumDriver.java:1)
at io.appium.java_client.windows.WindowsDriver.execute(WindowsDriver.java:1)
at org.openqa.selenium.remote.RemoteWebDriver.findElement(RemoteWebDriver.java:323)
at io.appium.java_client.DefaultGenericMobileDriver.findElement(DefaultGenericMobileDriver.java:61)
at io.appium.java_client.AppiumDriver.findElement(AppiumDriver.java:1)
at io.appium.java_client.windows.WindowsDriver.findElement(WindowsDriver.java:1)
at org.openqa.selenium.remote.RemoteWebDriver.findElementByName(RemoteWebDriver.java:404)
at io.appium.java_client.DefaultGenericMobileDriver.findElementByName(DefaultGenericMobileDriver.java:117)
at io.appium.java_client.AppiumDriver.findElementByName(AppiumDriver.java:1)
at io.appium.java_client.windows.WindowsDriver.findElementByName(WindowsDriver.java:1)
at org.openqa.selenium.By$ByName.findElement(By.java:284)
at org.openqa.selenium.remote.RemoteWebDriver.findElement(RemoteWebDriver.java:315)
at io.appium.java_client.DefaultGenericMobileDriver.findElement(DefaultGenericMobileDriver.java:57)
at io.appium.java_client.AppiumDriver.findElement(AppiumDriver.java:1)
at io.appium.java_client.windows.WindowsDriver.findElement(WindowsDriver.java:1)
at org.openqa.selenium.support.pagefactory.DefaultElementLocator.findElement(DefaultElementLocator.java:69)
at org.openqa.selenium.support.pagefactory.internal.LocatingElementHandler.invoke(LocatingElementHandler.java:38)
at jdk.proxy2/jdk.proxy2.$Proxy14.click(Unknown Source)
at com.krystal.project.APRSettings.saveapr(APRSettings.java:742)
at com.krystal.project.APRSettings.funAPRIDtextbox(APRSettings.java:669)
at com.krystal.project.APRSettings.APRlarge(APRSettings.java:442)
at java.base/jdk.internal.reflect.DirectMethodHandleAccessor.invoke(DirectMethodHandleAccessor.java:104)
at java.base/java.lang.reflect.Method.invoke(Method.java:578)
at org.testng.internal.MethodInvocationHelper.invokeMethod(MethodInvocationHelper.java:133)
at org.testng.internal.TestInvoker.invokeMethod(TestInvoker.java:598)
at org.testng.internal.TestInvoker.invokeTestMethod(TestInvoker.java:173)
at org.testng.internal.MethodRunner.runInSequence(MethodRunner.java:46)
at org.testng.internal.TestInvoker$MethodInvocationAgent.invoke(TestInvoker.java:824)
at org.testng.internal.TestInvoker.invokeTestMethods(TestInvoker.java:146)
at org.testng.internal.TestMethodWorker.invokeTestMethods(TestMethodWorker.java:146)
at org.testng.internal.TestMethodWorker.run(TestMethodWorker.java:128)
at java.base/java.util.ArrayList.forEach(ArrayList.java:1511)
at org.testng.TestRunner.privateRun(TestRunner.java:794)
at org.testng.TestRunner.run(TestRunner.java:596)
at org.testng.SuiteRunner.runTest(SuiteRunner.java:377)
at org.testng.SuiteRunner.runSequentially(SuiteRunner.java:371)
at org.testng.SuiteRunner.privateRun(SuiteRunner.java:332)
at org.testng.SuiteRunner.run(SuiteRunner.java:276)
at org.testng.SuiteRunnerWorker.runSuite(SuiteRunnerWorker.java:53)
at org.testng.SuiteRunnerWorker.run(SuiteRunnerWorker.java:96)
at org.testng.TestNG.runSuitesSequentially(TestNG.java:1212)
at org.testng.TestNG.runSuitesLocally(TestNG.java:1134)
at org.testng.TestNG.runSuites(TestNG.java:1063)
at org.testng.TestNG.run(TestNG.java:1031)
at org.testng.remote.AbstractRemoteTestNG.run(AbstractRemoteTestNG.java:115)
at org.testng.remote.RemoteTestNG.initAndRun(RemoteTestNG.java:251)
at org.testng.remote.RemoteTestNG.main(RemoteTestNG.java:77)
]]>
    </error>
  </testcase> <!-- APRlarge -->
  <system-out/>
  <testcase classname="com.krystal.project.APRSettings" name="copy" time="0.222">
    <error message="D:\Help\APR\Copy.PNG: (28x31) in R[0,0 1920x1200]@S(0)" type="org.sikuli.script.FindFailed">
      <![CDATA[FindFailed: D:\Help\APR\Copy.PNG: (28x31) in R[0,0 1920x1200]@S(0)
  Line 2291, in file Region.java

at org.sikuli.script.Region.find(Region.java:2291)
at com.krystal.project.APRSettings.Roleconfig(APRSettings.java:515)
at com.krystal.project.APRSettings.copy(APRSettings.java:451)
at java.base/jdk.internal.reflect.DirectMethodHandleAccessor.invoke(DirectMethodHandleAccessor.java:104)
at java.base/java.lang.reflect.Method.invoke(Method.java:578)
at org.testng.internal.MethodInvocationHelper.invokeMethod(MethodInvocationHelper.java:133)
at org.testng.internal.TestInvoker.invokeMethod(TestInvoker.java:598)
at org.testng.internal.TestInvoker.invokeTestMethod(TestInvoker.java:173)
at org.testng.internal.MethodRunner.runInSequence(MethodRunner.java:46)
at org.testng.internal.TestInvoker$MethodInvocationAgent.invoke(TestInvoker.java:824)
at org.testng.internal.TestInvoker.invokeTestMethods(TestInvoker.java:146)
at org.testng.internal.TestMethodWorker.invokeTestMethods(TestMethodWorker.java:146)
at org.testng.internal.TestMethodWorker.run(TestMethodWorker.java:128)
at java.base/java.util.ArrayList.forEach(ArrayList.java:1511)
at org.testng.TestRunner.privateRun(TestRunner.java:794)
at org.testng.TestRunner.run(TestRunner.java:596)
at org.testng.SuiteRunner.runTest(SuiteRunner.java:377)
at org.testng.SuiteRunner.runSequentially(SuiteRunner.java:371)
at org.testng.SuiteRunner.privateRun(SuiteRunner.java:332)
at org.testng.SuiteRunner.run(SuiteRunner.java:276)
at org.testng.SuiteRunnerWorker.runSuite(SuiteRunnerWorker.java:53)
at org.testng.SuiteRunnerWorker.run(SuiteRunnerWorker.java:96)
at org.testng.TestNG.runSuitesSequentially(TestNG.java:1212)
at org.testng.TestNG.runSuitesLocally(TestNG.java:1134)
at org.testng.TestNG.runSuites(TestNG.java:1063)
at org.testng.TestNG.run(TestNG.java:1031)
at org.testng.remote.AbstractRemoteTestNG.run(AbstractRemoteTestNG.java:115)
at org.testng.remote.RemoteTestNG.initAndRun(RemoteTestNG.java:251)
at org.testng.remote.RemoteTestNG.main(RemoteTestNG.java:77)
]]>
    </error>
  </testcase> <!-- copy -->
  <system-out/>
</testsuite> <!-- com.krystal.project.APRSettings -->
