<?xml version="1.0" encoding="UTF-8"?>
<!-- Generated by org.testng.reporters.JUnitReportReporter -->
<testsuite hostname="IT-00328-CPU" failures="0" tests="75" name="com.krystal.project.Demographics" time="395.257" errors="2" timestamp="2023-11-22T10:41:34 IST" skipped="0">
  <testcase classname="com.krystal.project.Demographics" name="navigation" time="14.109"/>
  <system-out/>
  <testcase classname="com.krystal.project.Demographics" name="patientBasicInformationLabel" time="0.443"/>
  <system-out/>
  <testcase classname="com.krystal.project.Demographics" name="Addfield" time="4.896"/>
  <system-out/>
  <testcase classname="com.krystal.project.Demographics" name="firstNameLabel" time="0.348"/>
  <system-out/>
  <testcase classname="com.krystal.project.Demographics" name="middleNameLabel" time="0.668"/>
  <system-out/>
  <testcase classname="com.krystal.project.Demographics" name="lastNameLabel" time="0.689"/>
  <system-out/>
  <testcase classname="com.krystal.project.Demographics" name="otherIdLabel" time="0.647"/>
  <system-out/>
  <testcase classname="com.krystal.project.Demographics" name="dateOfBirthLabel" time="0.388"/>
  <system-out/>
  <testcase classname="com.krystal.project.Demographics" name="ageOfYearsLabel" time="0.720"/>
  <system-out/>
  <testcase classname="com.krystal.project.Demographics" name="bloodGroupLabel" time="0.386"/>
  <system-out/>
  <testcase classname="com.krystal.project.Demographics" name="genderLabel" time="0.406"/>
  <system-out/>
  <testcase classname="com.krystal.project.Demographics" name="maleLabel" time="0.412"/>
  <system-out/>
  <testcase classname="com.krystal.project.Demographics" name="femaleLabel" time="0.420"/>
  <system-out/>
  <testcase classname="com.krystal.project.Demographics" name="otherLabel" time="0.417"/>
  <system-out/>
  <testcase classname="com.krystal.project.Demographics" name="patientSizeLabel" time="0.432"/>
  <system-out/>
  <testcase classname="com.krystal.project.Demographics" name="patientweightLabel" time="0.768"/>
  <system-out/>
  <testcase classname="com.krystal.project.Demographics" name="patientNationalityLabel" time="0.823"/>
  <system-out/>
  <testcase classname="com.krystal.project.Demographics" name="LanguagesKnownLabel" time="0.808"/>
  <system-out/>
  <testcase classname="com.krystal.project.Demographics" name="IDTypeLabel" time="0.817"/>
  <system-out/>
  <testcase classname="com.krystal.project.Demographics" name="IDNumberLabel" time="0.845"/>
  <system-out/>
  <testcase classname="com.krystal.project.Demographics" name="RemarksLabel" time="0.869"/>
  <system-out/>
  <testcase classname="com.krystal.project.Demographics" name="contactDetailsLabel" time="0.516"/>
  <system-out/>
  <testcase classname="com.krystal.project.Demographics" name="PhonenumberLabel" time="0.981"/>
  <system-out/>
  <testcase classname="com.krystal.project.Demographics" name="AlternatenumberLabel" time="0.975"/>
  <system-out/>
  <testcase classname="com.krystal.project.Demographics" name="AddressLabel" time="0.527"/>
  <system-out/>
  <testcase classname="com.krystal.project.Demographics" name="EmailIDLabel" time="1.035"/>
  <system-out/>
  <testcase classname="com.krystal.project.Demographics" name="PermanentAddressLabel" time="0.551"/>
  <system-out/>
  <testcase classname="com.krystal.project.Demographics" name="RegionLabel" time="1.023"/>
  <system-out/>
  <testcase classname="com.krystal.project.Demographics" name="ZipCodeLabel" time="1.032"/>
  <system-out/>
  <testcase classname="com.krystal.project.Demographics" name="CaretakerdetailsLabel" time="1.174">
    <error message="An element could not be located on the page using the given search parameters. (WARNING: The server did not provide any stacktrace information)
Command duration or timeout: 0 milliseconds
For documentation on this error, please visit: https://www.seleniumhq.org/exceptions/no_such_element.html
Build info: version: &#039;3.141.59&#039;, revision: &#039;e82be7d358&#039;, time: &#039;2018-11-14T08:17:03&#039;
System info: host: &#039;IT-00328-CPU&#039;, ip: &#039;192.168.11.18&#039;, os.name: &#039;Windows 10&#039;, os.arch: &#039;amd64&#039;, os.version: &#039;10.0&#039;, java.version: &#039;20&#039;
Driver info: io.appium.java_client.windows.WindowsDriver
Capabilities {app: C:\Program Files\Panacea Me..., javascriptEnabled: true, platform: WINDOWS, platformName: Windows}
Session ID: C53715E7-7BE9-4AEE-8173-4ADF4A80A688
*** Element info: {Using=name, value=Care Taker Details}" type="org.openqa.selenium.NoSuchElementException">
      <![CDATA[org.openqa.selenium.NoSuchElementException: An element could not be located on the page using the given search parameters. (WARNING: The server did not provide any stacktrace information)
Command duration or timeout: 0 milliseconds
For documentation on this error, please visit: https://www.seleniumhq.org/exceptions/no_such_element.html
Build info: version: '3.141.59', revision: 'e82be7d358', time: '2018-11-14T08:17:03'
System info: host: 'IT-00328-CPU', ip: '192.168.11.18', os.name: 'Windows 10', os.arch: 'amd64', os.version: '10.0', java.version: '20'
Driver info: io.appium.java_client.windows.WindowsDriver
Capabilities {app: C:\Program Files\Panacea Me..., javascriptEnabled: true, platform: WINDOWS, platformName: Windows}
Session ID: C53715E7-7BE9-4AEE-8173-4ADF4A80A688
*** Element info: {Using=name, value=Care Taker Details}
at java.base/jdk.internal.reflect.DirectConstructorHandleAccessor.newInstance(DirectConstructorHandleAccessor.java:67)
at java.base/java.lang.reflect.Constructor.newInstanceWithCaller(Constructor.java:500)
at java.base/java.lang.reflect.Constructor.newInstance(Constructor.java:484)
at org.openqa.selenium.remote.ErrorHandler.createThrowable(ErrorHandler.java:214)
at org.openqa.selenium.remote.ErrorHandler.throwIfResponseFailed(ErrorHandler.java:166)
at org.openqa.selenium.remote.http.JsonHttpResponseCodec.reconstructValue(JsonHttpResponseCodec.java:40)
at org.openqa.selenium.remote.http.AbstractHttpResponseCodec.decode(AbstractHttpResponseCodec.java:80)
at org.openqa.selenium.remote.http.AbstractHttpResponseCodec.decode(AbstractHttpResponseCodec.java:44)
at org.openqa.selenium.remote.HttpCommandExecutor.execute(HttpCommandExecutor.java:158)
at io.appium.java_client.remote.AppiumCommandExecutor.execute(AppiumCommandExecutor.java:250)
at org.openqa.selenium.remote.RemoteWebDriver.execute(RemoteWebDriver.java:552)
at io.appium.java_client.DefaultGenericMobileDriver.execute(DefaultGenericMobileDriver.java:41)
at io.appium.java_client.AppiumDriver.execute(AppiumDriver.java:1)
at io.appium.java_client.windows.WindowsDriver.execute(WindowsDriver.java:1)
at org.openqa.selenium.remote.RemoteWebDriver.findElement(RemoteWebDriver.java:323)
at io.appium.java_client.DefaultGenericMobileDriver.findElement(DefaultGenericMobileDriver.java:61)
at io.appium.java_client.AppiumDriver.findElement(AppiumDriver.java:1)
at io.appium.java_client.windows.WindowsDriver.findElement(WindowsDriver.java:1)
at org.openqa.selenium.remote.RemoteWebDriver.findElementByName(RemoteWebDriver.java:404)
at io.appium.java_client.DefaultGenericMobileDriver.findElementByName(DefaultGenericMobileDriver.java:117)
at io.appium.java_client.AppiumDriver.findElementByName(AppiumDriver.java:1)
at io.appium.java_client.windows.WindowsDriver.findElementByName(WindowsDriver.java:1)
at org.openqa.selenium.By$ByName.findElement(By.java:284)
at org.openqa.selenium.remote.RemoteWebDriver.findElement(RemoteWebDriver.java:315)
at io.appium.java_client.DefaultGenericMobileDriver.findElement(DefaultGenericMobileDriver.java:57)
at io.appium.java_client.AppiumDriver.findElement(AppiumDriver.java:1)
at io.appium.java_client.windows.WindowsDriver.findElement(WindowsDriver.java:1)
at com.krystal.project.Demographics.CaretakerdetailsLabel(Demographics.java:296)
at java.base/jdk.internal.reflect.DirectMethodHandleAccessor.invoke(DirectMethodHandleAccessor.java:104)
at java.base/java.lang.reflect.Method.invoke(Method.java:578)
at org.testng.internal.MethodInvocationHelper.invokeMethod(MethodInvocationHelper.java:133)
at org.testng.internal.TestInvoker.invokeMethod(TestInvoker.java:598)
at org.testng.internal.TestInvoker.invokeTestMethod(TestInvoker.java:173)
at org.testng.internal.MethodRunner.runInSequence(MethodRunner.java:46)
at org.testng.internal.TestInvoker$MethodInvocationAgent.invoke(TestInvoker.java:824)
at org.testng.internal.TestInvoker.invokeTestMethods(TestInvoker.java:146)
at org.testng.internal.TestMethodWorker.invokeTestMethods(TestMethodWorker.java:146)
at org.testng.internal.TestMethodWorker.run(TestMethodWorker.java:128)
at java.base/java.util.ArrayList.forEach(ArrayList.java:1511)
at org.testng.TestRunner.privateRun(TestRunner.java:794)
at org.testng.TestRunner.run(TestRunner.java:596)
at org.testng.SuiteRunner.runTest(SuiteRunner.java:377)
at org.testng.SuiteRunner.runSequentially(SuiteRunner.java:371)
at org.testng.SuiteRunner.privateRun(SuiteRunner.java:332)
at org.testng.SuiteRunner.run(SuiteRunner.java:276)
at org.testng.SuiteRunnerWorker.runSuite(SuiteRunnerWorker.java:53)
at org.testng.SuiteRunnerWorker.run(SuiteRunnerWorker.java:96)
at org.testng.TestNG.runSuitesSequentially(TestNG.java:1212)
at org.testng.TestNG.runSuitesLocally(TestNG.java:1134)
at org.testng.TestNG.runSuites(TestNG.java:1063)
at org.testng.TestNG.run(TestNG.java:1031)
at org.testng.remote.AbstractRemoteTestNG.run(AbstractRemoteTestNG.java:115)
at org.testng.remote.RemoteTestNG.initAndRun(RemoteTestNG.java:251)
at org.testng.remote.RemoteTestNG.main(RemoteTestNG.java:77)
]]>
    </error>
  </testcase> <!-- CaretakerdetailsLabel -->
  <system-out/>
  <testcase classname="com.krystal.project.Demographics" name="nameLabel" time="0.477"/>
  <system-out/>
  <testcase classname="com.krystal.project.Demographics" name="contactNumberLabel" time="0.488"/>
  <system-out/>
  <testcase classname="com.krystal.project.Demographics" name="addressLabel" time="0.930"/>
  <system-out/>
  <testcase classname="com.krystal.project.Demographics" name="relationshipLabel" time="0.951"/>
  <system-out/>
  <testcase classname="com.krystal.project.Demographics" name="saveLabel" time="0.715"/>
  <system-out/>
  <testcase classname="com.krystal.project.Demographics" name="FirstnameAlphabhets" time="3.020"/>
  <system-out/>
  <testcase classname="com.krystal.project.Demographics" name="FirstnameNumbers" time="4.240"/>
  <system-out/>
  <testcase classname="com.krystal.project.Demographics" name="FirstnameSpecial" time="3.721"/>
  <system-out/>
  <testcase classname="com.krystal.project.Demographics" name="Firstnamespecialchars" time="6.619"/>
  <system-out/>
  <testcase classname="com.krystal.project.Demographics" name="MiddlenameAlphabhets" time="3.594"/>
  <system-out/>
  <testcase classname="com.krystal.project.Demographics" name="MiddlenameNumbers" time="4.167"/>
  <system-out/>
  <testcase classname="com.krystal.project.Demographics" name="MiddlenameSpecial" time="3.628"/>
  <system-out/>
  <testcase classname="com.krystal.project.Demographics" name="Middlespecialchars" time="6.601"/>
  <system-out/>
  <testcase classname="com.krystal.project.Demographics" name="LastnameAlphabhets" time="3.662"/>
  <system-out/>
  <testcase classname="com.krystal.project.Demographics" name="LastnameNumbers" time="4.247"/>
  <system-out/>
  <testcase classname="com.krystal.project.Demographics" name="LastnameSpecial" time="6.715"/>
  <system-out/>
  <testcase classname="com.krystal.project.Demographics" name="Lastspecialchars" time="6.696"/>
  <system-out/>
  <testcase classname="com.krystal.project.Demographics" name="validdata" time="5.831"/>
  <system-out/>
  <testcase classname="com.krystal.project.Demographics" name="bloodgroup" time="2.365"/>
  <system-out/>
  <testcase classname="com.krystal.project.Demographics" name="defaulttext" time="14.493"/>
  <system-out/>
  <testcase classname="com.krystal.project.Demographics" name="Gendersave" time="1.222"/>
  <system-out/>
  <testcase classname="com.krystal.project.Demographics" name="Gender" time="10.657"/>
  <system-out/>
  <testcase classname="com.krystal.project.Demographics" name="patientSizeSelection" time="9.386"/>
  <system-out/>
  <testcase classname="com.krystal.project.Demographics" name="Weight" time="17.009"/>
  <system-out/>
  <testcase classname="com.krystal.project.Demographics" name="acceptvalidRange" time="16.072"/>
  <system-out/>
  <testcase classname="com.krystal.project.Demographics" name="LanguagesKnow" time="2.843"/>
  <system-out/>
  <testcase classname="com.krystal.project.Demographics" name="IDtype" time="2.833"/>
  <system-out/>
  <testcase classname="com.krystal.project.Demographics" name="IDNumber" time="0.000">
    <error message="
Cannot inject @Test annotated Method [IDNumber] with [interface org.openqa.selenium.WebDriver].
For more information on native dependency injection please refer to https://testng.org/doc/documentation-main.html#native-dependency-injection" type="org.testng.TestNGException">
      <![CDATA[org.testng.TestNGException: 
Cannot inject @Test annotated Method [IDNumber] with [interface org.openqa.selenium.WebDriver].
For more information on native dependency injection please refer to https://testng.org/doc/documentation-main.html#native-dependency-injection
at org.testng.internal.Parameters.checkParameterTypes(Parameters.java:439)
at org.testng.internal.Parameters.createParametersForMethod(Parameters.java:353)
at org.testng.internal.Parameters.createParameters(Parameters.java:708)
at org.testng.internal.Parameters.handleParameters(Parameters.java:884)
at org.testng.internal.Parameters.handleParameters(Parameters.java:740)
at org.testng.internal.ParameterHandler.handleParameters(ParameterHandler.java:59)
at org.testng.internal.ParameterHandler.createParameters(ParameterHandler.java:38)
at org.testng.internal.TestInvoker$MethodInvocationAgent.invoke(TestInvoker.java:791)
at org.testng.internal.TestInvoker.invokeTestMethods(TestInvoker.java:146)
at org.testng.internal.TestMethodWorker.invokeTestMethods(TestMethodWorker.java:146)
at org.testng.internal.TestMethodWorker.run(TestMethodWorker.java:128)
at java.base/java.util.ArrayList.forEach(ArrayList.java:1511)
at org.testng.TestRunner.privateRun(TestRunner.java:794)
at org.testng.TestRunner.run(TestRunner.java:596)
at org.testng.SuiteRunner.runTest(SuiteRunner.java:377)
at org.testng.SuiteRunner.runSequentially(SuiteRunner.java:371)
at org.testng.SuiteRunner.privateRun(SuiteRunner.java:332)
at org.testng.SuiteRunner.run(SuiteRunner.java:276)
at org.testng.SuiteRunnerWorker.runSuite(SuiteRunnerWorker.java:53)
at org.testng.SuiteRunnerWorker.run(SuiteRunnerWorker.java:96)
at org.testng.TestNG.runSuitesSequentially(TestNG.java:1212)
at org.testng.TestNG.runSuitesLocally(TestNG.java:1134)
at org.testng.TestNG.runSuites(TestNG.java:1063)
at org.testng.TestNG.run(TestNG.java:1031)
at org.testng.remote.AbstractRemoteTestNG.run(AbstractRemoteTestNG.java:115)
at org.testng.remote.RemoteTestNG.initAndRun(RemoteTestNG.java:251)
at org.testng.remote.RemoteTestNG.main(RemoteTestNG.java:77)
]]>
    </error>
  </testcase> <!-- IDNumber -->
  <system-out/>
  <testcase classname="com.krystal.project.Demographics" name="Remarks" time="2.932"/>
  <system-out/>
  <testcase classname="com.krystal.project.Demographics" name="contactDetails" time="0.001"/>
  <system-out/>
  <testcase classname="com.krystal.project.Demographics" name="phoneNumber" time="15.554"/>
  <system-out/>
  <testcase classname="com.krystal.project.Demographics" name="AlternateNumber" time="15.644"/>
  <system-out/>
  <testcase classname="com.krystal.project.Demographics" name="CurrentAddress" time="18.885"/>
  <system-out/>
  <testcase classname="com.krystal.project.Demographics" name="Region" time="9.555"/>
  <system-out/>
  <testcase classname="com.krystal.project.Demographics" name="Zipcode" time="8.371"/>
  <system-out/>
  <testcase classname="com.krystal.project.Demographics" name="PernamentAddress" time="24.644"/>
  <system-out/>
  <testcase classname="com.krystal.project.Demographics" name="PernamentCountry" time="7.571"/>
  <system-out/>
  <testcase classname="com.krystal.project.Demographics" name="CurrentCountry" time="7.667"/>
  <system-out/>
  <testcase classname="com.krystal.project.Demographics" name="CaretakerNameSpecialchars" time="14.769"/>
  <system-out/>
  <testcase classname="com.krystal.project.Demographics" name="CaretakerNameNumbers" time="7.599"/>
  <system-out/>
  <testcase classname="com.krystal.project.Demographics" name="CaretakerNameSpecial" time="11.583"/>
  <system-out/>
  <testcase classname="com.krystal.project.Demographics" name="CaretakerNameChars" time="8.581"/>
  <system-out/>
  <testcase classname="com.krystal.project.Demographics" name="careTakerContactNumber" time="28.410"/>
  <system-out/>
  <testcase classname="com.krystal.project.Demographics" name="CaretakerAddress" time="24.439"/>
  <system-out/>
  <testcase classname="com.krystal.project.Demographics" name="careTakerRelationship" time="7.745"/>
  <system-out/>
</testsuite> <!-- com.krystal.project.Demographics -->
